#
# There is insufficient memory for the Java Runtime Environment to continue.
# Native memory allocation (malloc) failed to allocate 800736 bytes for Chunk::new
# Possible reasons:
#   The system is out of physical RAM or swap space
#   The process is running with CompressedOops enabled, and the Java Heap may be blocking the growth of the native heap
# Possible solutions:
#   Reduce memory load on the system
#   Increase physical memory or swap space
#   Check if swap backing store is full
#   Decrease Java heap size (-Xmx/-Xms)
#   Decrease number of Java threads
#   Decrease Java thread stack sizes (-Xss)
#   Set larger code cache with -XX:ReservedCodeCacheSize=
#   JVM is running with Zero Based Compressed Oops mode in which the Java heap is
#     placed in the first 32GB address space. The Java Heap base address is the
#     maximum limit for the native heap growth. Please use -XX:HeapBaseMinAddress
#     to set the Java Heap base and to place the Java Heap above 32GB virtual address.
# This output file may be truncated or incomplete.
#
#  Out of Memory Error (src/hotspot/share/memory/arena.cpp:197), pid=16200, tid=20732
#
# JRE version: OpenJDK Runtime Environment (11.0.15) (build 11.0.15+0-b2043.56-9505619)
# Java VM: OpenJDK 64-Bit Server VM (11.0.15+0-b2043.56-9505619, mixed mode, tiered, compressed oops, g1 gc, windows-amd64)
# No core dump will be written. Minidumps are not enabled by default on client versions of Windows
#

---------------  S U M M A R Y ------------

Command Line: org.jetbrains.kotlin.cli.jvm.K2JVMCompiler @C:\Users\kingmingseo\AndroidStudioProjects\BreakingBlock2\app\build\20230603_15126174284331082243.compiler.options

Host: 12th Gen Intel(R) Core(TM) i7-12700H, 20 cores, 15G,  Windows 11 , 64 bit Build 22621 (10.0.22621.1778)
Time: Sat Jun  3 15:55:46 2023  Windows 11 , 64 bit Build 22621 (10.0.22621.1778) elapsed time: 5.395289 seconds (0d 0h 0m 5s)

---------------  T H R E A D  ---------------

Current thread (0x000002dd35db6800):  JavaThread "C2 CompilerThread7" daemon [_thread_in_native, id=20732, stack(0x000000deba500000,0x000000deba600000)]


Current CompileTask:
C2:   5395 9817       4       org.jetbrains.kotlin.descriptors.impl.FunctionDescriptorImpl::getSubstitutedValueParameters (270 bytes)

Stack: [0x000000deba500000,0x000000deba600000]
Native frames: (J=compiled Java code, j=interpreted, Vv=VM code, C=native code)
V  [jvm.dll+0x64135a]
V  [jvm.dll+0x7d39f9]
V  [jvm.dll+0x7d51b9]
V  [jvm.dll+0x7d58a3]
V  [jvm.dll+0x2691c5]
V  [jvm.dll+0xc1a5c]
V  [jvm.dll+0xc200c]
V  [jvm.dll+0x2da2c2]
V  [jvm.dll+0x54cad9]
V  [jvm.dll+0x22a011]
V  [jvm.dll+0x223809]
V  [jvm.dll+0x220384]
V  [jvm.dll+0x19e851]
V  [jvm.dll+0x230479]
V  [jvm.dll+0x22e5ef]
V  [jvm.dll+0x794de1]
V  [jvm.dll+0x78dc24]
V  [jvm.dll+0x6400f6]
C  [ucrtbase.dll+0x29363]
C  [KERNEL32.DLL+0x126ad]
C  [ntdll.dll+0x5a9f8]


---------------  P R O C E S S  ---------------

Threads class SMR info:
_java_thread_list=0x000002dd37e2b0e0, length=20, elements={
0x000002dd125df800, 0x000002dd32d6a800, 0x000002dd32d73000, 0x000002dd32ddf000,
0x000002dd32de0000, 0x000002dd32de1000, 0x000002dd32de2800, 0x000002dd32de3800,
0x000002dd32de7000, 0x000002dd32f4f000, 0x000002dd32f7f800, 0x000002dd32f7c000,
0x000002dd32f9b000, 0x000002dd32f7e000, 0x000002dd333e3000, 0x000002dd334f8800,
0x000002dd34c5a800, 0x000002dd35ecd800, 0x000002dd37ffb800, 0x000002dd35db6800
}

Java Threads: ( => current thread )
  0x000002dd125df800 JavaThread "main" [_thread_in_Java, id=11476, stack(0x000000deb8200000,0x000000deb8300000)]
  0x000002dd32d6a800 JavaThread "Reference Handler" daemon [_thread_blocked, id=4196, stack(0x000000deb8900000,0x000000deb8a00000)]
  0x000002dd32d73000 JavaThread "Finalizer" daemon [_thread_blocked, id=6664, stack(0x000000deb8a00000,0x000000deb8b00000)]
  0x000002dd32ddf000 JavaThread "Signal Dispatcher" daemon [_thread_blocked, id=16292, stack(0x000000deb8b00000,0x000000deb8c00000)]
  0x000002dd32de0000 JavaThread "Attach Listener" daemon [_thread_blocked, id=4252, stack(0x000000deb8c00000,0x000000deb8d00000)]
  0x000002dd32de1000 JavaThread "Service Thread" daemon [_thread_blocked, id=14972, stack(0x000000deb8d00000,0x000000deb8e00000)]
  0x000002dd32de2800 JavaThread "C2 CompilerThread0" daemon [_thread_in_native, id=16248, stack(0x000000deb8e00000,0x000000deb8f00000)]
  0x000002dd32de3800 JavaThread "C1 CompilerThread0" daemon [_thread_in_native, id=4068, stack(0x000000deb8f00000,0x000000deb9000000)]
  0x000002dd32de7000 JavaThread "Sweeper thread" daemon [_thread_blocked, id=11440, stack(0x000000deb9000000,0x000000deb9100000)]
  0x000002dd32f4f000 JavaThread "C1 CompilerThread1" daemon [_thread_in_native, id=9496, stack(0x000000deb9100000,0x000000deb9200000)]
  0x000002dd32f7f800 JavaThread "Common-Cleaner" daemon [_thread_blocked, id=21412, stack(0x000000deb9300000,0x000000deb9400000)]
  0x000002dd32f7c000 JavaThread "C2 CompilerThread1" daemon [_thread_in_native, id=5320, stack(0x000000deb9400000,0x000000deb9500000)]
  0x000002dd32f9b000 JavaThread "C2 CompilerThread2" daemon [_thread_in_native, id=2296, stack(0x000000deb9500000,0x000000deb9600000)]
  0x000002dd32f7e000 JavaThread "C2 CompilerThread3" daemon [_thread_in_native, id=9692, stack(0x000000deb9600000,0x000000deb9700000)]
  0x000002dd333e3000 JavaThread "C1 CompilerThread2" daemon [_thread_blocked, id=5860, stack(0x000000deb9700000,0x000000deb9800000)]
  0x000002dd334f8800 JavaThread "C1 CompilerThread3" daemon [_thread_in_native, id=10496, stack(0x000000deb9800000,0x000000deb9900000)]
  0x000002dd34c5a800 JavaThread "C2 CompilerThread4" daemon [_thread_in_native, id=7212, stack(0x000000deba100000,0x000000deba200000)]
  0x000002dd35ecd800 JavaThread "C2 CompilerThread5" daemon [_thread_in_native, id=17332, stack(0x000000deba200000,0x000000deba300000)]
  0x000002dd37ffb800 JavaThread "C2 CompilerThread6" daemon [_thread_in_native, id=11452, stack(0x000000deba400000,0x000000deba500000)]
=>0x000002dd35db6800 JavaThread "C2 CompilerThread7" daemon [_thread_in_native, id=20732, stack(0x000000deba500000,0x000000deba600000)]

Other Threads:
  0x000002dd32d44000 VMThread "VM Thread" [stack: 0x000000deb8800000,0x000000deb8900000] [id=7064]
  0x000002dd32f76800 WatcherThread [stack: 0x000000deb9200000,0x000000deb9300000] [id=7692]
  0x000002dd125f9800 GCTaskThread "GC Thread#0" [stack: 0x000000deb8300000,0x000000deb8400000] [id=5216]
  0x000002dd336d2800 GCTaskThread "GC Thread#1" [stack: 0x000000deb9900000,0x000000deb9a00000] [id=19644]
  0x000002dd3372c000 GCTaskThread "GC Thread#2" [stack: 0x000000deb9a00000,0x000000deb9b00000] [id=19484]
  0x000002dd3372c800 GCTaskThread "GC Thread#3" [stack: 0x000000deb9b00000,0x000000deb9c00000] [id=12936]
  0x000002dd3344b800 GCTaskThread "GC Thread#4" [stack: 0x000000deb9c00000,0x000000deb9d00000] [id=21444]
  0x000002dd3344c000 GCTaskThread "GC Thread#5" [stack: 0x000000deb9d00000,0x000000deb9e00000] [id=9324]
  0x000002dd37eab800 GCTaskThread "GC Thread#6" [stack: 0x000000deba600000,0x000000deba700000] [id=18144]
  0x000002dd12655000 ConcurrentGCThread "G1 Main Marker" [stack: 0x000000deb8400000,0x000000deb8500000] [id=3536]
  0x000002dd12657000 ConcurrentGCThread "G1 Conc#0" [stack: 0x000000deb8500000,0x000000deb8600000] [id=19520]
  0x000002dd3411d800 ConcurrentGCThread "G1 Conc#1" [stack: 0x000000deb9e00000,0x000000deb9f00000] [id=3216]
  0x000002dd3344d000 ConcurrentGCThread "G1 Conc#2" [stack: 0x000000deb9f00000,0x000000deba000000] [id=6408]
  0x000002dd340a4000 ConcurrentGCThread "G1 Conc#3" [stack: 0x000000deba000000,0x000000deba100000] [id=19636]
  0x000002dd323aa800 ConcurrentGCThread "G1 Refine#0" [stack: 0x000000deb8600000,0x000000deb8700000] [id=13928]
  0x000002dd35cbf800 ConcurrentGCThread "G1 Refine#1" [stack: 0x000000deba300000,0x000000deba400000] [id=21000]
  0x000002dd384d9800 ConcurrentGCThread "G1 Refine#2" [stack: 0x000000deba700000,0x000000deba800000] [id=4020]
  0x000002dd384da800 ConcurrentGCThread "G1 Refine#3" [stack: 0x000000deba800000,0x000000deba900000] [id=19696]
  0x000002dd384db000 ConcurrentGCThread "G1 Refine#4" [stack: 0x000000deba900000,0x000000debaa00000] [id=2944]
  0x000002dd398dd800 ConcurrentGCThread "G1 Refine#5" [stack: 0x000000debaa00000,0x000000debab00000] [id=6108]
  0x000002dd323ad800 ConcurrentGCThread "G1 Young RemSet Sampling" [stack: 0x000000deb8700000,0x000000deb8800000] [id=10424]

Threads with active compile tasks:
C2 CompilerThread0     5405 9926       4       org.jetbrains.kotlin.resolve.OverridingUtil::createAndBindFakeOverrides (119 bytes)
C1 CompilerThread0     5405 9985       3       org.jetbrains.kotlin.resolve.source.KotlinSourceElementKt::toSourceElement (39 bytes)
C2 CompilerThread1     5405 9925       4       org.jetbrains.kotlin.resolve.OverridingUtil::generateOverridesInFunctionGroup (123 bytes)
C2 CompilerThread2     5405 9137       4       org.jetbrains.kotlin.load.java.typeEnhancement.JavaTypeEnhancement::enhanceInflexible (1027 bytes)
C2 CompilerThread3     5405 9775       4       org.jetbrains.kotlin.types.checker.ClassicTypeSystemContext$DefaultImpls::typeDepth (273 bytes)
C1 CompilerThread2     5405 9997       3       org.jetbrains.kotlin.descriptors.impl.AbstractTypeParameterDescriptor$2::invoke (36 bytes)
C1 CompilerThread3     5405 9987       3       org.jetbrains.kotlin.resolve.calls.tower.AbstractInvokeTowerProcessor::hasInvokeProcessors (21 bytes)
C2 CompilerThread4     5406 9938       4       java.util.AbstractList$SubList::removeRange (31 bytes)
C2 CompilerThread5     5406 9948       4       kotlin.collections.CollectionsKt__MutableCollectionsKt::addAll (74 bytes)
C2 CompilerThread6     5406 9776       4       org.jetbrains.kotlin.resolve.calls.components.ClassicTypeSystemContextForCS::typeDepth (6 bytes)
C2 CompilerThread7     5406 9817       4       org.jetbrains.kotlin.descriptors.impl.FunctionDescriptorImpl::getSubstitutedValueParameters (270 bytes)

VM state:not at safepoint (normal execution)

VM Mutex/Monitor currently owned by a thread: None

Heap address: 0x0000000705200000, size: 4014 MB, Compressed Oops mode: Zero based, Oop shift amount: 3
Narrow klass base: 0x0000000800000000, Narrow klass shift: 0
Compressed class space size: 1073741824 Address: 0x0000000800000000

Heap:
 garbage-first heap   total 310272K, used 136561K [0x0000000705200000, 0x0000000800000000)
  region size 1024K, 84 young (86016K), 4 survivors (4096K)
 Metaspace       used 67320K, capacity 68151K, committed 68352K, reserved 1110016K
  class space    used 7474K, capacity 7814K, committed 7936K, reserved 1048576K
Heap Regions: E=young(eden), S=young(survivor), O=old, HS=humongous(starts), HC=humongous(continues), CS=collection set, F=free, A=archive, TAMS=top-at-mark-start (previous, next)
|   0|0x0000000705200000, 0x0000000705300000, 0x0000000705300000|100%|HS|  |TAMS 0x0000000705300000, 0x0000000705200000| Complete 
|   1|0x0000000705300000, 0x0000000705400000, 0x0000000705400000|100%|HC|  |TAMS 0x0000000705400000, 0x0000000705300000| Complete 
|   2|0x0000000705400000, 0x0000000705500000, 0x0000000705500000|100%|HC|  |TAMS 0x0000000705500000, 0x0000000705400000| Complete 
|   3|0x0000000705500000, 0x0000000705600000, 0x0000000705600000|100%|HC|  |TAMS 0x0000000705600000, 0x0000000705500000| Complete 
|   4|0x0000000705600000, 0x0000000705700000, 0x0000000705700000|100%|HS|  |TAMS 0x0000000705700000, 0x0000000705600000| Complete 
|   5|0x0000000705700000, 0x0000000705800000, 0x0000000705800000|100%|HC|  |TAMS 0x0000000705800000, 0x0000000705700000| Complete 
|   6|0x0000000705800000, 0x0000000705900000, 0x0000000705900000|100%|HC|  |TAMS 0x0000000705900000, 0x0000000705800000| Complete 
|   7|0x0000000705900000, 0x0000000705a00000, 0x0000000705a00000|100%|HC|  |TAMS 0x0000000705a00000, 0x0000000705900000| Complete 
|   8|0x0000000705a00000, 0x0000000705b00000, 0x0000000705b00000|100%|HS|  |TAMS 0x0000000705b00000, 0x0000000705a00000| Complete 
|   9|0x0000000705b00000, 0x0000000705c00000, 0x0000000705c00000|100%|HC|  |TAMS 0x0000000705c00000, 0x0000000705b00000| Complete 
|  10|0x0000000705c00000, 0x0000000705d00000, 0x0000000705d00000|100%| O|  |TAMS 0x0000000705d00000, 0x0000000705c00000| Untracked 
|  11|0x0000000705d00000, 0x0000000705e00000, 0x0000000705e00000|100%| O|  |TAMS 0x0000000705e00000, 0x0000000705d00000| Untracked 
|  12|0x0000000705e00000, 0x0000000705f00000, 0x0000000705f00000|100%| O|  |TAMS 0x0000000705f00000, 0x0000000705e00000| Untracked 
|  13|0x0000000705f00000, 0x0000000706000000, 0x0000000706000000|100%| O|  |TAMS 0x0000000706000000, 0x0000000705f00000| Untracked 
|  14|0x0000000706000000, 0x0000000706100000, 0x0000000706100000|100%| O|  |TAMS 0x0000000706100000, 0x0000000706000000| Untracked 
|  15|0x0000000706100000, 0x0000000706200000, 0x0000000706200000|100%| O|  |TAMS 0x0000000706200000, 0x0000000706100000| Untracked 
|  16|0x0000000706200000, 0x0000000706300000, 0x0000000706300000|100%| O|  |TAMS 0x0000000706300000, 0x0000000706200000| Untracked 
|  17|0x0000000706300000, 0x0000000706400000, 0x0000000706400000|100%| O|  |TAMS 0x0000000706400000, 0x0000000706300000| Untracked 
|  18|0x0000000706400000, 0x0000000706500000, 0x0000000706500000|100%| O|  |TAMS 0x0000000706500000, 0x0000000706400000| Untracked 
|  19|0x0000000706500000, 0x0000000706600000, 0x0000000706600000|100%| O|  |TAMS 0x0000000706600000, 0x0000000706500000| Untracked 
|  20|0x0000000706600000, 0x0000000706700000, 0x0000000706700000|100%| O|  |TAMS 0x0000000706700000, 0x0000000706600000| Untracked 
|  21|0x0000000706700000, 0x0000000706800000, 0x0000000706800000|100%| O|  |TAMS 0x0000000706800000, 0x0000000706700000| Untracked 
|  22|0x0000000706800000, 0x0000000706900000, 0x0000000706900000|100%| O|  |TAMS 0x0000000706900000, 0x0000000706800000| Untracked 
|  23|0x0000000706900000, 0x0000000706a00000, 0x0000000706a00000|100%| O|  |TAMS 0x0000000706a00000, 0x0000000706900000| Untracked 
|  24|0x0000000706a00000, 0x0000000706b00000, 0x0000000706b00000|100%| O|  |TAMS 0x0000000706b00000, 0x0000000706a00000| Untracked 
|  25|0x0000000706b00000, 0x0000000706c00000, 0x0000000706c00000|100%| O|  |TAMS 0x0000000706c00000, 0x0000000706b00000| Untracked 
|  26|0x0000000706c00000, 0x0000000706d00000, 0x0000000706d00000|100%| O|  |TAMS 0x0000000706d00000, 0x0000000706c00000| Untracked 
|  27|0x0000000706d00000, 0x0000000706e00000, 0x0000000706e00000|100%| O|  |TAMS 0x0000000706e00000, 0x0000000706d00000| Untracked 
|  28|0x0000000706e00000, 0x0000000706f00000, 0x0000000706f00000|100%| O|  |TAMS 0x0000000706f00000, 0x0000000706e00000| Untracked 
|  29|0x0000000706f00000, 0x0000000707000000, 0x0000000707000000|100%| O|  |TAMS 0x0000000707000000, 0x0000000706f00000| Untracked 
|  30|0x0000000707000000, 0x0000000707100000, 0x0000000707100000|100%| O|  |TAMS 0x0000000707100000, 0x0000000707000000| Untracked 
|  31|0x0000000707100000, 0x0000000707200000, 0x0000000707200000|100%| O|  |TAMS 0x0000000707200000, 0x0000000707100000| Untracked 
|  32|0x0000000707200000, 0x0000000707300000, 0x0000000707300000|100%| O|  |TAMS 0x0000000707300000, 0x0000000707200000| Untracked 
|  33|0x0000000707300000, 0x0000000707400000, 0x0000000707400000|100%| O|  |TAMS 0x0000000707400000, 0x0000000707300000| Untracked 
|  34|0x0000000707400000, 0x0000000707500000, 0x0000000707500000|100%| O|  |TAMS 0x0000000707500000, 0x0000000707400000| Untracked 
|  35|0x0000000707500000, 0x0000000707600000, 0x0000000707600000|100%| O|  |TAMS 0x0000000707600000, 0x0000000707500000| Untracked 
|  36|0x0000000707600000, 0x0000000707700000, 0x0000000707700000|100%| O|  |TAMS 0x0000000707700000, 0x0000000707600000| Untracked 
|  37|0x0000000707700000, 0x0000000707800000, 0x0000000707800000|100%| O|  |TAMS 0x0000000707800000, 0x0000000707700000| Untracked 
|  38|0x0000000707800000, 0x0000000707900000, 0x0000000707900000|100%| O|  |TAMS 0x0000000707900000, 0x0000000707800000| Untracked 
|  39|0x0000000707900000, 0x0000000707a00000, 0x0000000707a00000|100%| O|  |TAMS 0x0000000707a00000, 0x0000000707900000| Untracked 
|  40|0x0000000707a00000, 0x0000000707b00000, 0x0000000707b00000|100%| O|  |TAMS 0x0000000707b00000, 0x0000000707a00000| Untracked 
|  41|0x0000000707b00000, 0x0000000707c00000, 0x0000000707c00000|100%| O|  |TAMS 0x0000000707c00000, 0x0000000707b00000| Untracked 
|  42|0x0000000707c00000, 0x0000000707d00000, 0x0000000707d00000|100%| O|  |TAMS 0x0000000707d00000, 0x0000000707c00000| Untracked 
|  43|0x0000000707d00000, 0x0000000707e00000, 0x0000000707e00000|100%| O|  |TAMS 0x0000000707e00000, 0x0000000707d00000| Untracked 
|  44|0x0000000707e00000, 0x0000000707f00000, 0x0000000707f00000|100%| O|  |TAMS 0x0000000707f00000, 0x0000000707e00000| Untracked 
|  45|0x0000000707f00000, 0x0000000708000000, 0x0000000708000000|100%| O|  |TAMS 0x0000000708000000, 0x0000000707f00000| Untracked 
|  46|0x0000000708000000, 0x0000000708100000, 0x0000000708100000|100%| O|  |TAMS 0x0000000708100000, 0x0000000708000000| Untracked 
|  47|0x0000000708100000, 0x0000000708200000, 0x0000000708200000|100%| O|  |TAMS 0x0000000708200000, 0x0000000708100000| Untracked 
|  48|0x0000000708200000, 0x0000000708300000, 0x0000000708300000|100%| O|  |TAMS 0x0000000708300000, 0x0000000708200000| Untracked 
|  49|0x0000000708300000, 0x0000000708400000, 0x0000000708400000|100%| O|  |TAMS 0x0000000708400000, 0x0000000708300000| Untracked 
|  50|0x0000000708400000, 0x000000070847de00, 0x0000000708500000| 49%| O|  |TAMS 0x000000070847de00, 0x0000000708400000| Untracked 
|  51|0x0000000708500000, 0x0000000708500000, 0x0000000708600000|  0%| F|  |TAMS 0x0000000708500000, 0x0000000708500000| Untracked 
|  52|0x0000000708600000, 0x0000000708600000, 0x0000000708700000|  0%| F|  |TAMS 0x0000000708600000, 0x0000000708600000| Untracked 
|  53|0x0000000708700000, 0x0000000708700000, 0x0000000708800000|  0%| F|  |TAMS 0x0000000708700000, 0x0000000708700000| Untracked 
|  54|0x0000000708800000, 0x0000000708800000, 0x0000000708900000|  0%| F|  |TAMS 0x0000000708800000, 0x0000000708800000| Untracked 
|  55|0x0000000708900000, 0x0000000708900000, 0x0000000708a00000|  0%| F|  |TAMS 0x0000000708900000, 0x0000000708900000| Untracked 
|  56|0x0000000708a00000, 0x0000000708a00000, 0x0000000708b00000|  0%| F|  |TAMS 0x0000000708a00000, 0x0000000708a00000| Untracked 
|  57|0x0000000708b00000, 0x0000000708b00000, 0x0000000708c00000|  0%| F|  |TAMS 0x0000000708b00000, 0x0000000708b00000| Untracked 
|  58|0x0000000708c00000, 0x0000000708c00000, 0x0000000708d00000|  0%| F|  |TAMS 0x0000000708c00000, 0x0000000708c00000| Untracked 
|  59|0x0000000708d00000, 0x0000000708d00000, 0x0000000708e00000|  0%| F|  |TAMS 0x0000000708d00000, 0x0000000708d00000| Untracked 
|  60|0x0000000708e00000, 0x0000000708e00000, 0x0000000708f00000|  0%| F|  |TAMS 0x0000000708e00000, 0x0000000708e00000| Untracked 
|  61|0x0000000708f00000, 0x0000000708f00000, 0x0000000709000000|  0%| F|  |TAMS 0x0000000708f00000, 0x0000000708f00000| Untracked 
|  62|0x0000000709000000, 0x0000000709000000, 0x0000000709100000|  0%| F|  |TAMS 0x0000000709000000, 0x0000000709000000| Untracked 
|  63|0x0000000709100000, 0x0000000709100000, 0x0000000709200000|  0%| F|  |TAMS 0x0000000709100000, 0x0000000709100000| Untracked 
|  64|0x0000000709200000, 0x0000000709200000, 0x0000000709300000|  0%| F|  |TAMS 0x0000000709200000, 0x0000000709200000| Untracked 
|  65|0x0000000709300000, 0x0000000709300000, 0x0000000709400000|  0%| F|  |TAMS 0x0000000709300000, 0x0000000709300000| Untracked 
|  66|0x0000000709400000, 0x0000000709400000, 0x0000000709500000|  0%| F|  |TAMS 0x0000000709400000, 0x0000000709400000| Untracked 
|  67|0x0000000709500000, 0x0000000709500000, 0x0000000709600000|  0%| F|  |TAMS 0x0000000709500000, 0x0000000709500000| Untracked 
|  68|0x0000000709600000, 0x0000000709600000, 0x0000000709700000|  0%| F|  |TAMS 0x0000000709600000, 0x0000000709600000| Untracked 
|  69|0x0000000709700000, 0x0000000709700000, 0x0000000709800000|  0%| F|  |TAMS 0x0000000709700000, 0x0000000709700000| Untracked 
|  70|0x0000000709800000, 0x0000000709800000, 0x0000000709900000|  0%| F|  |TAMS 0x0000000709800000, 0x0000000709800000| Untracked 
|  71|0x0000000709900000, 0x0000000709900000, 0x0000000709a00000|  0%| F|  |TAMS 0x0000000709900000, 0x0000000709900000| Untracked 
|  72|0x0000000709a00000, 0x0000000709a00000, 0x0000000709b00000|  0%| F|  |TAMS 0x0000000709a00000, 0x0000000709a00000| Untracked 
|  73|0x0000000709b00000, 0x0000000709b00000, 0x0000000709c00000|  0%| F|  |TAMS 0x0000000709b00000, 0x0000000709b00000| Untracked 
|  74|0x0000000709c00000, 0x0000000709c00000, 0x0000000709d00000|  0%| F|  |TAMS 0x0000000709c00000, 0x0000000709c00000| Untracked 
|  75|0x0000000709d00000, 0x0000000709d00000, 0x0000000709e00000|  0%| F|  |TAMS 0x0000000709d00000, 0x0000000709d00000| Untracked 
|  76|0x0000000709e00000, 0x0000000709e00000, 0x0000000709f00000|  0%| F|  |TAMS 0x0000000709e00000, 0x0000000709e00000| Untracked 
|  77|0x0000000709f00000, 0x0000000709f00000, 0x000000070a000000|  0%| F|  |TAMS 0x0000000709f00000, 0x0000000709f00000| Untracked 
|  78|0x000000070a000000, 0x000000070a000000, 0x000000070a100000|  0%| F|  |TAMS 0x000000070a000000, 0x000000070a000000| Untracked 
|  79|0x000000070a100000, 0x000000070a100000, 0x000000070a200000|  0%| F|  |TAMS 0x000000070a100000, 0x000000070a100000| Untracked 
|  80|0x000000070a200000, 0x000000070a200000, 0x000000070a300000|  0%| F|  |TAMS 0x000000070a200000, 0x000000070a200000| Untracked 
|  81|0x000000070a300000, 0x000000070a300000, 0x000000070a400000|  0%| F|  |TAMS 0x000000070a300000, 0x000000070a300000| Untracked 
|  82|0x000000070a400000, 0x000000070a400000, 0x000000070a500000|  0%| F|  |TAMS 0x000000070a400000, 0x000000070a400000| Untracked 
|  83|0x000000070a500000, 0x000000070a500000, 0x000000070a600000|  0%| F|  |TAMS 0x000000070a500000, 0x000000070a500000| Untracked 
|  84|0x000000070a600000, 0x000000070a600000, 0x000000070a700000|  0%| F|  |TAMS 0x000000070a600000, 0x000000070a600000| Untracked 
|  85|0x000000070a700000, 0x000000070a700000, 0x000000070a800000|  0%| F|  |TAMS 0x000000070a700000, 0x000000070a700000| Untracked 
|  86|0x000000070a800000, 0x000000070a800000, 0x000000070a900000|  0%| F|  |TAMS 0x000000070a800000, 0x000000070a800000| Untracked 
|  87|0x000000070a900000, 0x000000070a900000, 0x000000070aa00000|  0%| F|  |TAMS 0x000000070a900000, 0x000000070a900000| Untracked 
|  88|0x000000070aa00000, 0x000000070aa00000, 0x000000070ab00000|  0%| F|  |TAMS 0x000000070aa00000, 0x000000070aa00000| Untracked 
|  89|0x000000070ab00000, 0x000000070ab00000, 0x000000070ac00000|  0%| F|  |TAMS 0x000000070ab00000, 0x000000070ab00000| Untracked 
|  90|0x000000070ac00000, 0x000000070ac00000, 0x000000070ad00000|  0%| F|  |TAMS 0x000000070ac00000, 0x000000070ac00000| Untracked 
|  91|0x000000070ad00000, 0x000000070ad00000, 0x000000070ae00000|  0%| F|  |TAMS 0x000000070ad00000, 0x000000070ad00000| Untracked 
|  92|0x000000070ae00000, 0x000000070ae00000, 0x000000070af00000|  0%| F|  |TAMS 0x000000070ae00000, 0x000000070ae00000| Untracked 
|  93|0x000000070af00000, 0x000000070af00000, 0x000000070b000000|  0%| F|  |TAMS 0x000000070af00000, 0x000000070af00000| Untracked 
|  94|0x000000070b000000, 0x000000070b000000, 0x000000070b100000|  0%| F|  |TAMS 0x000000070b000000, 0x000000070b000000| Untracked 
|  95|0x000000070b100000, 0x000000070b100000, 0x000000070b200000|  0%| F|  |TAMS 0x000000070b100000, 0x000000070b100000| Untracked 
|  96|0x000000070b200000, 0x000000070b200000, 0x000000070b300000|  0%| F|  |TAMS 0x000000070b200000, 0x000000070b200000| Untracked 
|  97|0x000000070b300000, 0x000000070b300000, 0x000000070b400000|  0%| F|  |TAMS 0x000000070b300000, 0x000000070b300000| Untracked 
|  98|0x000000070b400000, 0x000000070b400000, 0x000000070b500000|  0%| F|  |TAMS 0x000000070b400000, 0x000000070b400000| Untracked 
|  99|0x000000070b500000, 0x000000070b500000, 0x000000070b600000|  0%| F|  |TAMS 0x000000070b500000, 0x000000070b500000| Untracked 
| 100|0x000000070b600000, 0x000000070b600000, 0x000000070b700000|  0%| F|  |TAMS 0x000000070b600000, 0x000000070b600000| Untracked 
| 101|0x000000070b700000, 0x000000070b700000, 0x000000070b800000|  0%| F|  |TAMS 0x000000070b700000, 0x000000070b700000| Untracked 
| 102|0x000000070b800000, 0x000000070b800000, 0x000000070b900000|  0%| F|  |TAMS 0x000000070b800000, 0x000000070b800000| Untracked 
| 103|0x000000070b900000, 0x000000070b900000, 0x000000070ba00000|  0%| F|  |TAMS 0x000000070b900000, 0x000000070b900000| Untracked 
| 104|0x000000070ba00000, 0x000000070ba00000, 0x000000070bb00000|  0%| F|  |TAMS 0x000000070ba00000, 0x000000070ba00000| Untracked 
| 105|0x000000070bb00000, 0x000000070bb00000, 0x000000070bc00000|  0%| F|  |TAMS 0x000000070bb00000, 0x000000070bb00000| Untracked 
| 106|0x000000070bc00000, 0x000000070bc00000, 0x000000070bd00000|  0%| F|  |TAMS 0x000000070bc00000, 0x000000070bc00000| Untracked 
| 107|0x000000070bd00000, 0x000000070bd00000, 0x000000070be00000|  0%| F|  |TAMS 0x000000070bd00000, 0x000000070bd00000| Untracked 
| 108|0x000000070be00000, 0x000000070be00000, 0x000000070bf00000|  0%| F|  |TAMS 0x000000070be00000, 0x000000070be00000| Untracked 
| 109|0x000000070bf00000, 0x000000070bf00000, 0x000000070c000000|  0%| F|  |TAMS 0x000000070bf00000, 0x000000070bf00000| Untracked 
| 110|0x000000070c000000, 0x000000070c000000, 0x000000070c100000|  0%| F|  |TAMS 0x000000070c000000, 0x000000070c000000| Untracked 
| 111|0x000000070c100000, 0x000000070c100000, 0x000000070c200000|  0%| F|  |TAMS 0x000000070c100000, 0x000000070c100000| Untracked 
| 112|0x000000070c200000, 0x000000070c200000, 0x000000070c300000|  0%| F|  |TAMS 0x000000070c200000, 0x000000070c200000| Untracked 
| 113|0x000000070c300000, 0x000000070c300000, 0x000000070c400000|  0%| F|  |TAMS 0x000000070c300000, 0x000000070c300000| Untracked 
| 114|0x000000070c400000, 0x000000070c400000, 0x000000070c500000|  0%| F|  |TAMS 0x000000070c400000, 0x000000070c400000| Untracked 
| 115|0x000000070c500000, 0x000000070c500000, 0x000000070c600000|  0%| F|  |TAMS 0x000000070c500000, 0x000000070c500000| Untracked 
| 116|0x000000070c600000, 0x000000070c600000, 0x000000070c700000|  0%| F|  |TAMS 0x000000070c600000, 0x000000070c600000| Untracked 
| 117|0x000000070c700000, 0x000000070c700000, 0x000000070c800000|  0%| F|  |TAMS 0x000000070c700000, 0x000000070c700000| Untracked 
| 118|0x000000070c800000, 0x000000070c800000, 0x000000070c900000|  0%| F|  |TAMS 0x000000070c800000, 0x000000070c800000| Untracked 
| 119|0x000000070c900000, 0x000000070c900000, 0x000000070ca00000|  0%| F|  |TAMS 0x000000070c900000, 0x000000070c900000| Untracked 
| 120|0x000000070ca00000, 0x000000070ca00000, 0x000000070cb00000|  0%| F|  |TAMS 0x000000070ca00000, 0x000000070ca00000| Untracked 
| 121|0x000000070cb00000, 0x000000070cb00000, 0x000000070cc00000|  0%| F|  |TAMS 0x000000070cb00000, 0x000000070cb00000| Untracked 
| 122|0x000000070cc00000, 0x000000070cc00000, 0x000000070cd00000|  0%| F|  |TAMS 0x000000070cc00000, 0x000000070cc00000| Untracked 
| 123|0x000000070cd00000, 0x000000070cd00000, 0x000000070ce00000|  0%| F|  |TAMS 0x000000070cd00000, 0x000000070cd00000| Untracked 
| 124|0x000000070ce00000, 0x000000070ce00000, 0x000000070cf00000|  0%| F|  |TAMS 0x000000070ce00000, 0x000000070ce00000| Untracked 
| 125|0x000000070cf00000, 0x000000070cf00000, 0x000000070d000000|  0%| F|  |TAMS 0x000000070cf00000, 0x000000070cf00000| Untracked 
| 126|0x000000070d000000, 0x000000070d000000, 0x000000070d100000|  0%| F|  |TAMS 0x000000070d000000, 0x000000070d000000| Untracked 
| 127|0x000000070d100000, 0x000000070d100000, 0x000000070d200000|  0%| F|  |TAMS 0x000000070d100000, 0x000000070d100000| Untracked 
| 128|0x000000070d200000, 0x000000070d200000, 0x000000070d300000|  0%| F|  |TAMS 0x000000070d200000, 0x000000070d200000| Untracked 
| 129|0x000000070d300000, 0x000000070d300000, 0x000000070d400000|  0%| F|  |TAMS 0x000000070d300000, 0x000000070d300000| Untracked 
| 130|0x000000070d400000, 0x000000070d400000, 0x000000070d500000|  0%| F|  |TAMS 0x000000070d400000, 0x000000070d400000| Untracked 
| 131|0x000000070d500000, 0x000000070d500000, 0x000000070d600000|  0%| F|  |TAMS 0x000000070d500000, 0x000000070d500000| Untracked 
| 132|0x000000070d600000, 0x000000070d600000, 0x000000070d700000|  0%| F|  |TAMS 0x000000070d600000, 0x000000070d600000| Untracked 
| 133|0x000000070d700000, 0x000000070d700000, 0x000000070d800000|  0%| F|  |TAMS 0x000000070d700000, 0x000000070d700000| Untracked 
| 134|0x000000070d800000, 0x000000070d800000, 0x000000070d900000|  0%| F|  |TAMS 0x000000070d800000, 0x000000070d800000| Untracked 
| 135|0x000000070d900000, 0x000000070d900000, 0x000000070da00000|  0%| F|  |TAMS 0x000000070d900000, 0x000000070d900000| Untracked 
| 136|0x000000070da00000, 0x000000070da00000, 0x000000070db00000|  0%| F|  |TAMS 0x000000070da00000, 0x000000070da00000| Untracked 
| 137|0x000000070db00000, 0x000000070db00000, 0x000000070dc00000|  0%| F|  |TAMS 0x000000070db00000, 0x000000070db00000| Untracked 
| 138|0x000000070dc00000, 0x000000070dc00000, 0x000000070dd00000|  0%| F|  |TAMS 0x000000070dc00000, 0x000000070dc00000| Untracked 
| 139|0x000000070dd00000, 0x000000070dd00000, 0x000000070de00000|  0%| F|  |TAMS 0x000000070dd00000, 0x000000070dd00000| Untracked 
| 140|0x000000070de00000, 0x000000070de00000, 0x000000070df00000|  0%| F|  |TAMS 0x000000070de00000, 0x000000070de00000| Untracked 
| 141|0x000000070df00000, 0x000000070df00000, 0x000000070e000000|  0%| F|  |TAMS 0x000000070df00000, 0x000000070df00000| Untracked 
| 142|0x000000070e000000, 0x000000070e000000, 0x000000070e100000|  0%| F|  |TAMS 0x000000070e000000, 0x000000070e000000| Untracked 
| 143|0x000000070e100000, 0x000000070e100000, 0x000000070e200000|  0%| F|  |TAMS 0x000000070e100000, 0x000000070e100000| Untracked 
| 144|0x000000070e200000, 0x000000070e200000, 0x000000070e300000|  0%| F|  |TAMS 0x000000070e200000, 0x000000070e200000| Untracked 
| 145|0x000000070e300000, 0x000000070e300000, 0x000000070e400000|  0%| F|  |TAMS 0x000000070e300000, 0x000000070e300000| Untracked 
| 146|0x000000070e400000, 0x000000070e400000, 0x000000070e500000|  0%| F|  |TAMS 0x000000070e400000, 0x000000070e400000| Untracked 
| 147|0x000000070e500000, 0x000000070e500000, 0x000000070e600000|  0%| F|  |TAMS 0x000000070e500000, 0x000000070e500000| Untracked 
| 148|0x000000070e600000, 0x000000070e600000, 0x000000070e700000|  0%| F|  |TAMS 0x000000070e600000, 0x000000070e600000| Untracked 
| 149|0x000000070e700000, 0x000000070e700000, 0x000000070e800000|  0%| F|  |TAMS 0x000000070e700000, 0x000000070e700000| Untracked 
| 150|0x000000070e800000, 0x000000070e800000, 0x000000070e900000|  0%| F|  |TAMS 0x000000070e800000, 0x000000070e800000| Untracked 
| 151|0x000000070e900000, 0x000000070e900000, 0x000000070ea00000|  0%| F|  |TAMS 0x000000070e900000, 0x000000070e900000| Untracked 
| 152|0x000000070ea00000, 0x000000070ea00000, 0x000000070eb00000|  0%| F|  |TAMS 0x000000070ea00000, 0x000000070ea00000| Untracked 
| 153|0x000000070eb00000, 0x000000070eb00000, 0x000000070ec00000|  0%| F|  |TAMS 0x000000070eb00000, 0x000000070eb00000| Untracked 
| 154|0x000000070ec00000, 0x000000070ec00000, 0x000000070ed00000|  0%| F|  |TAMS 0x000000070ec00000, 0x000000070ec00000| Untracked 
| 155|0x000000070ed00000, 0x000000070ed00000, 0x000000070ee00000|  0%| F|  |TAMS 0x000000070ed00000, 0x000000070ed00000| Untracked 
| 156|0x000000070ee00000, 0x000000070ee00000, 0x000000070ef00000|  0%| F|  |TAMS 0x000000070ee00000, 0x000000070ee00000| Untracked 
| 157|0x000000070ef00000, 0x000000070ef00000, 0x000000070f000000|  0%| F|  |TAMS 0x000000070ef00000, 0x000000070ef00000| Untracked 
| 158|0x000000070f000000, 0x000000070f000000, 0x000000070f100000|  0%| F|  |TAMS 0x000000070f000000, 0x000000070f000000| Untracked 
| 159|0x000000070f100000, 0x000000070f100000, 0x000000070f200000|  0%| F|  |TAMS 0x000000070f100000, 0x000000070f100000| Untracked 
| 160|0x000000070f200000, 0x000000070f200000, 0x000000070f300000|  0%| F|  |TAMS 0x000000070f200000, 0x000000070f200000| Untracked 
| 161|0x000000070f300000, 0x000000070f300000, 0x000000070f400000|  0%| F|  |TAMS 0x000000070f300000, 0x000000070f300000| Untracked 
| 162|0x000000070f400000, 0x000000070f400000, 0x000000070f500000|  0%| F|  |TAMS 0x000000070f400000, 0x000000070f400000| Untracked 
| 163|0x000000070f500000, 0x000000070f500000, 0x000000070f600000|  0%| F|  |TAMS 0x000000070f500000, 0x000000070f500000| Untracked 
| 164|0x000000070f600000, 0x000000070f600000, 0x000000070f700000|  0%| F|  |TAMS 0x000000070f600000, 0x000000070f600000| Untracked 
| 165|0x000000070f700000, 0x000000070f700000, 0x000000070f800000|  0%| F|  |TAMS 0x000000070f700000, 0x000000070f700000| Untracked 
| 166|0x000000070f800000, 0x000000070f800000, 0x000000070f900000|  0%| F|  |TAMS 0x000000070f800000, 0x000000070f800000| Untracked 
| 167|0x000000070f900000, 0x000000070f900000, 0x000000070fa00000|  0%| F|  |TAMS 0x000000070f900000, 0x000000070f900000| Untracked 
| 168|0x000000070fa00000, 0x000000070fa00000, 0x000000070fb00000|  0%| F|  |TAMS 0x000000070fa00000, 0x000000070fa00000| Untracked 
| 169|0x000000070fb00000, 0x000000070fb00000, 0x000000070fc00000|  0%| F|  |TAMS 0x000000070fb00000, 0x000000070fb00000| Untracked 
| 170|0x000000070fc00000, 0x000000070fc00000, 0x000000070fd00000|  0%| F|  |TAMS 0x000000070fc00000, 0x000000070fc00000| Untracked 
| 171|0x000000070fd00000, 0x000000070fd00000, 0x000000070fe00000|  0%| F|  |TAMS 0x000000070fd00000, 0x000000070fd00000| Untracked 
| 172|0x000000070fe00000, 0x000000070fe00000, 0x000000070ff00000|  0%| F|  |TAMS 0x000000070fe00000, 0x000000070fe00000| Untracked 
| 173|0x000000070ff00000, 0x000000070ff00000, 0x0000000710000000|  0%| F|  |TAMS 0x000000070ff00000, 0x000000070ff00000| Untracked 
| 174|0x0000000710000000, 0x0000000710000000, 0x0000000710100000|  0%| F|  |TAMS 0x0000000710000000, 0x0000000710000000| Untracked 
| 175|0x0000000710100000, 0x0000000710100000, 0x0000000710200000|  0%| F|  |TAMS 0x0000000710100000, 0x0000000710100000| Untracked 
| 176|0x0000000710200000, 0x0000000710200000, 0x0000000710300000|  0%| F|  |TAMS 0x0000000710200000, 0x0000000710200000| Untracked 
| 177|0x0000000710300000, 0x0000000710300000, 0x0000000710400000|  0%| F|  |TAMS 0x0000000710300000, 0x0000000710300000| Untracked 
| 178|0x0000000710400000, 0x0000000710400000, 0x0000000710500000|  0%| F|  |TAMS 0x0000000710400000, 0x0000000710400000| Untracked 
| 179|0x0000000710500000, 0x0000000710500000, 0x0000000710600000|  0%| F|  |TAMS 0x0000000710500000, 0x0000000710500000| Untracked 
| 180|0x0000000710600000, 0x0000000710600000, 0x0000000710700000|  0%| F|  |TAMS 0x0000000710600000, 0x0000000710600000| Untracked 
| 181|0x0000000710700000, 0x0000000710700000, 0x0000000710800000|  0%| F|  |TAMS 0x0000000710700000, 0x0000000710700000| Untracked 
| 182|0x0000000710800000, 0x0000000710800000, 0x0000000710900000|  0%| F|  |TAMS 0x0000000710800000, 0x0000000710800000| Untracked 
| 183|0x0000000710900000, 0x0000000710900000, 0x0000000710a00000|  0%| F|  |TAMS 0x0000000710900000, 0x0000000710900000| Untracked 
| 184|0x0000000710a00000, 0x0000000710a00000, 0x0000000710b00000|  0%| F|  |TAMS 0x0000000710a00000, 0x0000000710a00000| Untracked 
| 185|0x0000000710b00000, 0x0000000710b00000, 0x0000000710c00000|  0%| F|  |TAMS 0x0000000710b00000, 0x0000000710b00000| Untracked 
| 186|0x0000000710c00000, 0x0000000710c00000, 0x0000000710d00000|  0%| F|  |TAMS 0x0000000710c00000, 0x0000000710c00000| Untracked 
| 187|0x0000000710d00000, 0x0000000710d00000, 0x0000000710e00000|  0%| F|  |TAMS 0x0000000710d00000, 0x0000000710d00000| Untracked 
| 188|0x0000000710e00000, 0x0000000710e00000, 0x0000000710f00000|  0%| F|  |TAMS 0x0000000710e00000, 0x0000000710e00000| Untracked 
| 189|0x0000000710f00000, 0x0000000710f00000, 0x0000000711000000|  0%| F|  |TAMS 0x0000000710f00000, 0x0000000710f00000| Untracked 
| 190|0x0000000711000000, 0x0000000711000000, 0x0000000711100000|  0%| F|  |TAMS 0x0000000711000000, 0x0000000711000000| Untracked 
| 191|0x0000000711100000, 0x0000000711100000, 0x0000000711200000|  0%| F|  |TAMS 0x0000000711100000, 0x0000000711100000| Untracked 
| 192|0x0000000711200000, 0x0000000711200000, 0x0000000711300000|  0%| F|  |TAMS 0x0000000711200000, 0x0000000711200000| Untracked 
| 193|0x0000000711300000, 0x0000000711300000, 0x0000000711400000|  0%| F|  |TAMS 0x0000000711300000, 0x0000000711300000| Untracked 
| 194|0x0000000711400000, 0x0000000711400000, 0x0000000711500000|  0%| F|  |TAMS 0x0000000711400000, 0x0000000711400000| Untracked 
| 195|0x0000000711500000, 0x0000000711500000, 0x0000000711600000|  0%| F|  |TAMS 0x0000000711500000, 0x0000000711500000| Untracked 
| 196|0x0000000711600000, 0x0000000711600000, 0x0000000711700000|  0%| F|  |TAMS 0x0000000711600000, 0x0000000711600000| Untracked 
| 197|0x0000000711700000, 0x0000000711700000, 0x0000000711800000|  0%| F|  |TAMS 0x0000000711700000, 0x0000000711700000| Untracked 
| 198|0x0000000711800000, 0x0000000711800000, 0x0000000711900000|  0%| F|  |TAMS 0x0000000711800000, 0x0000000711800000| Untracked 
| 199|0x0000000711900000, 0x0000000711900000, 0x0000000711a00000|  0%| F|  |TAMS 0x0000000711900000, 0x0000000711900000| Untracked 
| 200|0x0000000711a00000, 0x0000000711a00000, 0x0000000711b00000|  0%| F|  |TAMS 0x0000000711a00000, 0x0000000711a00000| Untracked 
| 201|0x0000000711b00000, 0x0000000711b00000, 0x0000000711c00000|  0%| F|  |TAMS 0x0000000711b00000, 0x0000000711b00000| Untracked 
| 202|0x0000000711c00000, 0x0000000711c00000, 0x0000000711d00000|  0%| F|  |TAMS 0x0000000711c00000, 0x0000000711c00000| Untracked 
| 203|0x0000000711d00000, 0x0000000711d00000, 0x0000000711e00000|  0%| F|  |TAMS 0x0000000711d00000, 0x0000000711d00000| Untracked 
| 204|0x0000000711e00000, 0x0000000711e00000, 0x0000000711f00000|  0%| F|  |TAMS 0x0000000711e00000, 0x0000000711e00000| Untracked 
| 205|0x0000000711f00000, 0x0000000711f00000, 0x0000000712000000|  0%| F|  |TAMS 0x0000000711f00000, 0x0000000711f00000| Untracked 
| 206|0x0000000712000000, 0x0000000712000000, 0x0000000712100000|  0%| F|  |TAMS 0x0000000712000000, 0x0000000712000000| Untracked 
| 207|0x0000000712100000, 0x0000000712100000, 0x0000000712200000|  0%| F|  |TAMS 0x0000000712100000, 0x0000000712100000| Untracked 
| 208|0x0000000712200000, 0x0000000712200000, 0x0000000712300000|  0%| F|  |TAMS 0x0000000712200000, 0x0000000712200000| Untracked 
| 209|0x0000000712300000, 0x0000000712300000, 0x0000000712400000|  0%| F|  |TAMS 0x0000000712300000, 0x0000000712300000| Untracked 
| 210|0x0000000712400000, 0x0000000712400000, 0x0000000712500000|  0%| F|  |TAMS 0x0000000712400000, 0x0000000712400000| Untracked 
| 211|0x0000000712500000, 0x0000000712500000, 0x0000000712600000|  0%| F|  |TAMS 0x0000000712500000, 0x0000000712500000| Untracked 
| 212|0x0000000712600000, 0x0000000712600000, 0x0000000712700000|  0%| F|  |TAMS 0x0000000712600000, 0x0000000712600000| Untracked 
| 213|0x0000000712700000, 0x0000000712700000, 0x0000000712800000|  0%| F|  |TAMS 0x0000000712700000, 0x0000000712700000| Untracked 
| 214|0x0000000712800000, 0x0000000712800000, 0x0000000712900000|  0%| F|  |TAMS 0x0000000712800000, 0x0000000712800000| Untracked 
| 215|0x0000000712900000, 0x0000000712900000, 0x0000000712a00000|  0%| F|  |TAMS 0x0000000712900000, 0x0000000712900000| Untracked 
| 216|0x0000000712a00000, 0x0000000712a00000, 0x0000000712b00000|  0%| F|  |TAMS 0x0000000712a00000, 0x0000000712a00000| Untracked 
| 217|0x0000000712b00000, 0x0000000712b00000, 0x0000000712c00000|  0%| F|  |TAMS 0x0000000712b00000, 0x0000000712b00000| Untracked 
| 218|0x0000000712c00000, 0x0000000712c00000, 0x0000000712d00000|  0%| F|  |TAMS 0x0000000712c00000, 0x0000000712c00000| Untracked 
| 219|0x0000000712d00000, 0x0000000712d80800, 0x0000000712e00000| 50%| E|  |TAMS 0x0000000712d00000, 0x0000000712d00000| Complete 
| 220|0x0000000712e00000, 0x0000000712f00000, 0x0000000712f00000|100%| E|CS|TAMS 0x0000000712e00000, 0x0000000712e00000| Complete 
| 221|0x0000000712f00000, 0x0000000713000000, 0x0000000713000000|100%| E|CS|TAMS 0x0000000712f00000, 0x0000000712f00000| Complete 
| 222|0x0000000713000000, 0x0000000713100000, 0x0000000713100000|100%| E|CS|TAMS 0x0000000713000000, 0x0000000713000000| Complete 
| 223|0x0000000713100000, 0x0000000713200000, 0x0000000713200000|100%| E|CS|TAMS 0x0000000713100000, 0x0000000713100000| Complete 
| 224|0x0000000713200000, 0x0000000713300000, 0x0000000713300000|100%| E|CS|TAMS 0x0000000713200000, 0x0000000713200000| Complete 
| 225|0x0000000713300000, 0x0000000713400000, 0x0000000713400000|100%| E|CS|TAMS 0x0000000713300000, 0x0000000713300000| Complete 
| 226|0x0000000713400000, 0x0000000713500000, 0x0000000713500000|100%| E|CS|TAMS 0x0000000713400000, 0x0000000713400000| Complete 
| 227|0x0000000713500000, 0x0000000713600000, 0x0000000713600000|100%| E|CS|TAMS 0x0000000713500000, 0x0000000713500000| Complete 
| 228|0x0000000713600000, 0x0000000713700000, 0x0000000713700000|100%| E|CS|TAMS 0x0000000713600000, 0x0000000713600000| Complete 
| 229|0x0000000713700000, 0x0000000713800000, 0x0000000713800000|100%| E|CS|TAMS 0x0000000713700000, 0x0000000713700000| Complete 
| 230|0x0000000713800000, 0x0000000713900000, 0x0000000713900000|100%| E|CS|TAMS 0x0000000713800000, 0x0000000713800000| Complete 
| 231|0x0000000713900000, 0x0000000713a00000, 0x0000000713a00000|100%| E|CS|TAMS 0x0000000713900000, 0x0000000713900000| Complete 
| 232|0x0000000713a00000, 0x0000000713b00000, 0x0000000713b00000|100%| E|CS|TAMS 0x0000000713a00000, 0x0000000713a00000| Complete 
| 233|0x0000000713b00000, 0x0000000713c00000, 0x0000000713c00000|100%| E|CS|TAMS 0x0000000713b00000, 0x0000000713b00000| Complete 
| 234|0x0000000713c00000, 0x0000000713d00000, 0x0000000713d00000|100%| E|CS|TAMS 0x0000000713c00000, 0x0000000713c00000| Complete 
| 235|0x0000000713d00000, 0x0000000713e00000, 0x0000000713e00000|100%| E|CS|TAMS 0x0000000713d00000, 0x0000000713d00000| Complete 
| 236|0x0000000713e00000, 0x0000000713f00000, 0x0000000713f00000|100%| E|CS|TAMS 0x0000000713e00000, 0x0000000713e00000| Complete 
| 237|0x0000000713f00000, 0x0000000714000000, 0x0000000714000000|100%| E|CS|TAMS 0x0000000713f00000, 0x0000000713f00000| Complete 
| 238|0x0000000714000000, 0x0000000714100000, 0x0000000714100000|100%| E|CS|TAMS 0x0000000714000000, 0x0000000714000000| Complete 
| 239|0x0000000714100000, 0x0000000714200000, 0x0000000714200000|100%| E|CS|TAMS 0x0000000714100000, 0x0000000714100000| Complete 
| 240|0x0000000714200000, 0x0000000714300000, 0x0000000714300000|100%| E|CS|TAMS 0x0000000714200000, 0x0000000714200000| Complete 
| 241|0x0000000714300000, 0x0000000714400000, 0x0000000714400000|100%| E|CS|TAMS 0x0000000714300000, 0x0000000714300000| Complete 
| 242|0x0000000714400000, 0x0000000714500000, 0x0000000714500000|100%| E|CS|TAMS 0x0000000714400000, 0x0000000714400000| Complete 
| 243|0x0000000714500000, 0x0000000714600000, 0x0000000714600000|100%| E|CS|TAMS 0x0000000714500000, 0x0000000714500000| Complete 
| 244|0x0000000714600000, 0x0000000714700000, 0x0000000714700000|100%| E|CS|TAMS 0x0000000714600000, 0x0000000714600000| Complete 
| 245|0x0000000714700000, 0x0000000714800000, 0x0000000714800000|100%| E|CS|TAMS 0x0000000714700000, 0x0000000714700000| Complete 
| 246|0x0000000714800000, 0x0000000714900000, 0x0000000714900000|100%| E|CS|TAMS 0x0000000714800000, 0x0000000714800000| Complete 
| 247|0x0000000714900000, 0x0000000714a00000, 0x0000000714a00000|100%| E|CS|TAMS 0x0000000714900000, 0x0000000714900000| Complete 
| 248|0x0000000714a00000, 0x0000000714b00000, 0x0000000714b00000|100%| E|CS|TAMS 0x0000000714a00000, 0x0000000714a00000| Complete 
| 249|0x0000000714b00000, 0x0000000714c00000, 0x0000000714c00000|100%| E|CS|TAMS 0x0000000714b00000, 0x0000000714b00000| Complete 
| 250|0x0000000714c00000, 0x0000000714d00000, 0x0000000714d00000|100%| E|CS|TAMS 0x0000000714c00000, 0x0000000714c00000| Complete 
| 251|0x0000000714d00000, 0x0000000714e00000, 0x0000000714e00000|100%| E|CS|TAMS 0x0000000714d00000, 0x0000000714d00000| Complete 
| 252|0x0000000714e00000, 0x0000000714f00000, 0x0000000714f00000|100%| E|CS|TAMS 0x0000000714e00000, 0x0000000714e00000| Complete 
| 253|0x0000000714f00000, 0x0000000715000000, 0x0000000715000000|100%| E|CS|TAMS 0x0000000714f00000, 0x0000000714f00000| Complete 
| 254|0x0000000715000000, 0x0000000715100000, 0x0000000715100000|100%| E|CS|TAMS 0x0000000715000000, 0x0000000715000000| Complete 
| 255|0x0000000715100000, 0x0000000715200000, 0x0000000715200000|100%| E|CS|TAMS 0x0000000715100000, 0x0000000715100000| Complete 
| 256|0x0000000715200000, 0x0000000715300000, 0x0000000715300000|100%| E|CS|TAMS 0x0000000715200000, 0x0000000715200000| Complete 
| 257|0x0000000715300000, 0x0000000715400000, 0x0000000715400000|100%| E|CS|TAMS 0x0000000715300000, 0x0000000715300000| Complete 
| 258|0x0000000715400000, 0x0000000715500000, 0x0000000715500000|100%| E|CS|TAMS 0x0000000715400000, 0x0000000715400000| Complete 
| 259|0x0000000715500000, 0x0000000715600000, 0x0000000715600000|100%| E|CS|TAMS 0x0000000715500000, 0x0000000715500000| Complete 
| 260|0x0000000715600000, 0x0000000715700000, 0x0000000715700000|100%| E|CS|TAMS 0x0000000715600000, 0x0000000715600000| Complete 
| 261|0x0000000715700000, 0x0000000715800000, 0x0000000715800000|100%| E|CS|TAMS 0x0000000715700000, 0x0000000715700000| Complete 
| 262|0x0000000715800000, 0x0000000715900000, 0x0000000715900000|100%| E|CS|TAMS 0x0000000715800000, 0x0000000715800000| Complete 
| 263|0x0000000715900000, 0x0000000715a00000, 0x0000000715a00000|100%| E|CS|TAMS 0x0000000715900000, 0x0000000715900000| Complete 
| 264|0x0000000715a00000, 0x0000000715b00000, 0x0000000715b00000|100%| E|CS|TAMS 0x0000000715a00000, 0x0000000715a00000| Complete 
| 265|0x0000000715b00000, 0x0000000715c00000, 0x0000000715c00000|100%| E|CS|TAMS 0x0000000715b00000, 0x0000000715b00000| Complete 
| 266|0x0000000715c00000, 0x0000000715d00000, 0x0000000715d00000|100%| E|CS|TAMS 0x0000000715c00000, 0x0000000715c00000| Complete 
| 267|0x0000000715d00000, 0x0000000715e00000, 0x0000000715e00000|100%| E|CS|TAMS 0x0000000715d00000, 0x0000000715d00000| Complete 
| 268|0x0000000715e00000, 0x0000000715f00000, 0x0000000715f00000|100%| E|CS|TAMS 0x0000000715e00000, 0x0000000715e00000| Complete 
| 269|0x0000000715f00000, 0x0000000716000000, 0x0000000716000000|100%| E|CS|TAMS 0x0000000715f00000, 0x0000000715f00000| Complete 
| 270|0x0000000716000000, 0x0000000716100000, 0x0000000716100000|100%| E|CS|TAMS 0x0000000716000000, 0x0000000716000000| Complete 
| 271|0x0000000716100000, 0x0000000716200000, 0x0000000716200000|100%| E|CS|TAMS 0x0000000716100000, 0x0000000716100000| Complete 
| 272|0x0000000716200000, 0x0000000716300000, 0x0000000716300000|100%| E|CS|TAMS 0x0000000716200000, 0x0000000716200000| Complete 
| 273|0x0000000716300000, 0x0000000716400000, 0x0000000716400000|100%| E|CS|TAMS 0x0000000716300000, 0x0000000716300000| Complete 
| 274|0x0000000716400000, 0x0000000716500000, 0x0000000716500000|100%| E|CS|TAMS 0x0000000716400000, 0x0000000716400000| Complete 
| 275|0x0000000716500000, 0x0000000716600000, 0x0000000716600000|100%| E|CS|TAMS 0x0000000716500000, 0x0000000716500000| Complete 
| 276|0x0000000716600000, 0x0000000716700000, 0x0000000716700000|100%| E|CS|TAMS 0x0000000716600000, 0x0000000716600000| Complete 
| 277|0x0000000716700000, 0x0000000716800000, 0x0000000716800000|100%| E|CS|TAMS 0x0000000716700000, 0x0000000716700000| Complete 
| 278|0x0000000716800000, 0x0000000716900000, 0x0000000716900000|100%| E|CS|TAMS 0x0000000716800000, 0x0000000716800000| Complete 
| 279|0x0000000716900000, 0x0000000716a00000, 0x0000000716a00000|100%| E|CS|TAMS 0x0000000716900000, 0x0000000716900000| Complete 
| 280|0x0000000716a00000, 0x0000000716b00000, 0x0000000716b00000|100%| E|CS|TAMS 0x0000000716a00000, 0x0000000716a00000| Complete 
| 281|0x0000000716b00000, 0x0000000716c00000, 0x0000000716c00000|100%| E|CS|TAMS 0x0000000716b00000, 0x0000000716b00000| Complete 
| 282|0x0000000716c00000, 0x0000000716d00000, 0x0000000716d00000|100%| E|CS|TAMS 0x0000000716c00000, 0x0000000716c00000| Complete 
| 283|0x0000000716d00000, 0x0000000716e00000, 0x0000000716e00000|100%| E|CS|TAMS 0x0000000716d00000, 0x0000000716d00000| Complete 
| 284|0x0000000716e00000, 0x0000000716ede8b0, 0x0000000716f00000| 86%| S|CS|TAMS 0x0000000716e00000, 0x0000000716e00000| Complete 
| 285|0x0000000716f00000, 0x0000000717000000, 0x0000000717000000|100%| S|CS|TAMS 0x0000000716f00000, 0x0000000716f00000| Complete 
| 286|0x0000000717000000, 0x0000000717100000, 0x0000000717100000|100%| S|CS|TAMS 0x0000000717000000, 0x0000000717000000| Complete 
| 287|0x0000000717100000, 0x0000000717200000, 0x0000000717200000|100%| S|CS|TAMS 0x0000000717100000, 0x0000000717100000| Complete 
| 288|0x0000000717200000, 0x0000000717300000, 0x0000000717300000|100%| E|CS|TAMS 0x0000000717200000, 0x0000000717200000| Complete 
| 289|0x0000000717300000, 0x0000000717400000, 0x0000000717400000|100%| E|CS|TAMS 0x0000000717300000, 0x0000000717300000| Complete 
| 290|0x0000000717400000, 0x0000000717500000, 0x0000000717500000|100%| E|CS|TAMS 0x0000000717400000, 0x0000000717400000| Complete 
| 291|0x0000000717500000, 0x0000000717600000, 0x0000000717600000|100%| E|CS|TAMS 0x0000000717500000, 0x0000000717500000| Complete 
| 292|0x0000000717600000, 0x0000000717700000, 0x0000000717700000|100%| E|CS|TAMS 0x0000000717600000, 0x0000000717600000| Complete 
| 293|0x0000000717700000, 0x0000000717800000, 0x0000000717800000|100%| E|CS|TAMS 0x0000000717700000, 0x0000000717700000| Complete 
| 294|0x0000000717800000, 0x0000000717900000, 0x0000000717900000|100%| E|CS|TAMS 0x0000000717800000, 0x0000000717800000| Complete 
| 295|0x0000000717900000, 0x0000000717a00000, 0x0000000717a00000|100%| E|CS|TAMS 0x0000000717900000, 0x0000000717900000| Complete 
| 296|0x0000000717a00000, 0x0000000717b00000, 0x0000000717b00000|100%| E|CS|TAMS 0x0000000717a00000, 0x0000000717a00000| Complete 
| 297|0x0000000717b00000, 0x0000000717c00000, 0x0000000717c00000|100%| E|CS|TAMS 0x0000000717b00000, 0x0000000717b00000| Complete 
| 298|0x0000000717c00000, 0x0000000717d00000, 0x0000000717d00000|100%| E|CS|TAMS 0x0000000717c00000, 0x0000000717c00000| Complete 
| 299|0x0000000717d00000, 0x0000000717e00000, 0x0000000717e00000|100%| E|CS|TAMS 0x0000000717d00000, 0x0000000717d00000| Complete 
| 300|0x0000000717e00000, 0x0000000717f00000, 0x0000000717f00000|100%| E|CS|TAMS 0x0000000717e00000, 0x0000000717e00000| Complete 
| 301|0x0000000717f00000, 0x0000000718000000, 0x0000000718000000|100%| E|CS|TAMS 0x0000000717f00000, 0x0000000717f00000| Complete 
| 302|0x0000000718000000, 0x0000000718100000, 0x0000000718100000|100%| E|CS|TAMS 0x0000000718000000, 0x0000000718000000| Complete 

Card table byte_map: [0x000002dd26380000,0x000002dd26b60000] _byte_map_base: 0x000002dd22b57000

Marking Bits (Prev, Next): (CMBitMap*) 0x000002dd126449a0, (CMBitMap*) 0x000002dd12644968
 Prev Bits: [0x000002dd2b200000, 0x000002dd2f0b8000)
 Next Bits: [0x000002dd27340000, 0x000002dd2b1f8000)

Polling page: 0x000002dd102e0000

Metaspace:

Usage:
  Non-class:     58.92 MB capacity,    58.45 MB (>99%) used,   369.09 KB ( <1%) free+waste,   116.56 KB ( <1%) overhead. 
      Class:      7.63 MB capacity,     7.30 MB ( 96%) used,   288.38 KB (  4%) free+waste,    50.75 KB ( <1%) overhead. 
       Both:     66.55 MB capacity,    65.75 MB ( 99%) used,   657.47 KB ( <1%) free+waste,   167.31 KB ( <1%) overhead. 

Virtual space:
  Non-class space:       60.00 MB reserved,      59.00 MB ( 98%) committed 
      Class space:        1.00 GB reserved,       7.75 MB ( <1%) committed 
             Both:        1.06 GB reserved,      66.75 MB (  6%) committed 

Chunk freelists:
   Non-Class:  15.00 KB
       Class:  0 bytes
        Both:  15.00 KB

MaxMetaspaceSize: 17179869184.00 GB
CompressedClassSpaceSize: 1.00 GB
Initial GC threshold: 20.80 MB
Current GC threshold: 98.12 MB
CDS: off

CodeHeap 'non-profiled nmethods': size=119168Kb used=5542Kb max_used=5542Kb free=113625Kb
 bounds [0x000002dd1dca0000, 0x000002dd1e210000, 0x000002dd25100000]
CodeHeap 'profiled nmethods': size=119168Kb used=30845Kb max_used=30845Kb free=88322Kb
 bounds [0x000002dd16840000, 0x000002dd18660000, 0x000002dd1dca0000]
CodeHeap 'non-nmethods': size=7424Kb used=3008Kb max_used=3077Kb free=4415Kb
 bounds [0x000002dd16100000, 0x000002dd16410000, 0x000002dd16840000]
 total_blobs=10565 nmethods=9964 adapters=508
 compilation: enabled
              stopped_count=0, restarted_count=0
 full_count=0

Compilation events (20 events):
Event: 5.390 Thread 0x000002dd333e3000 nmethod 9950 0x000002dd1863fe10 code [0x000002dd18640020, 0x000002dd18640588]
Event: 5.391 Thread 0x000002dd32de3800 9951       1       org.jetbrains.kotlin.resolve.constants.IntegerValueTypeConstant::getModuleDescriptor (5 bytes)
Event: 5.391 Thread 0x000002dd32de3800 nmethod 9951 0x000002dd1e205c90 code [0x000002dd1e205e40, 0x000002dd1e205ef8]
Event: 5.391 Thread 0x000002dd32de3800 9952       3       org.jetbrains.kotlin.resolve.constants.IntegerValueTypeConstant::isError (5 bytes)
Event: 5.391 Thread 0x000002dd334f8800 9953       3       org.jetbrains.kotlin.builtins.KotlinBuiltIns::isShort (17 bytes)
Event: 5.392 Thread 0x000002dd32de3800 nmethod 9952 0x000002dd18640790 code [0x000002dd18640940, 0x000002dd18640a98]
Event: 5.392 Thread 0x000002dd334f8800 nmethod 9953 0x000002dd18640b90 code [0x000002dd18640d60, 0x000002dd18640ef8]
Event: 5.392 Thread 0x000002dd32f4f000 9954       3       java.util.HashMap::afterNodeRemoval (1 bytes)
Event: 5.392 Thread 0x000002dd32f4f000 nmethod 9954 0x000002dd18640f90 code [0x000002dd18641140, 0x000002dd18641238]
Event: 5.392 Thread 0x000002dd333e3000 9955       3       org.jetbrains.kotlin.com.intellij.psi.impl.source.tree.LazyParseableElement::setFirstChildNode (21 bytes)
Event: 5.392 Thread 0x000002dd32de3800 9957       3       org.jetbrains.kotlin.com.intellij.util.containers.ConcurrentLongObjectHashMap::addCount (278 bytes)
Event: 5.392 Thread 0x000002dd334f8800 9958   !   3       org.jetbrains.kotlin.com.intellij.util.containers.ConcurrentLongObjectHashMap::compareAndSwapLong (24 bytes)
Event: 5.392 Thread 0x000002dd32f4f000 9956       3       java.lang.invoke.LambdaForm$MH/0x000000080060c040::invoke (40 bytes)
Event: 5.393 Thread 0x000002dd32f4f000 nmethod 9956 0x000002dd18641310 code [0x000002dd186414e0, 0x000002dd186418f8]
Event: 5.393 Thread 0x000002dd333e3000 nmethod 9955 0x000002dd18641a90 code [0x000002dd18641ca0, 0x000002dd186422f8]
Event: 5.393 Thread 0x000002dd32f4f000 9959       3       java.util.HashSet::remove (20 bytes)
Event: 5.393 Thread 0x000002dd32f4f000 nmethod 9959 0x000002dd18642510 code [0x000002dd186426e0, 0x000002dd18642908]
Event: 5.393 Thread 0x000002dd334f8800 nmethod 9958 0x000002dd18642a10 code [0x000002dd18642c40, 0x000002dd18643508]
Event: 5.393 Thread 0x000002dd333e3000 9960       1       javaslang.collection.List$Cons::isEmpty (2 bytes)
Event: 5.394 Thread 0x000002dd333e3000 nmethod 9960 0x000002dd1e205f90 code [0x000002dd1e206140, 0x000002dd1e2061f8]

GC Heap History (14 events):
Event: 0.319 GC heap before
{Heap before GC invocations=0 (full 0):
 garbage-first heap   total 258048K, used 28672K [0x0000000705200000, 0x0000000800000000)
  region size 1024K, 24 young (24576K), 0 survivors (0K)
 Metaspace       used 11686K, capacity 11826K, committed 11904K, reserved 1060864K
  class space    used 1062K, capacity 1109K, committed 1152K, reserved 1048576K
}
Event: 0.321 GC heap after
{Heap after GC invocations=1 (full 0):
 garbage-first heap   total 258048K, used 6765K [0x0000000705200000, 0x0000000800000000)
  region size 1024K, 3 young (3072K), 3 survivors (3072K)
 Metaspace       used 11686K, capacity 11826K, committed 11904K, reserved 1060864K
  class space    used 1062K, capacity 1109K, committed 1152K, reserved 1048576K
}
Event: 0.735 GC heap before
{Heap before GC invocations=1 (full 0):
 garbage-first heap   total 258048K, used 46701K [0x0000000705200000, 0x0000000800000000)
  region size 1024K, 43 young (44032K), 3 survivors (3072K)
 Metaspace       used 20983K, capacity 21174K, committed 21248K, reserved 1069056K
  class space    used 2199K, capacity 2277K, committed 2304K, reserved 1048576K
}
Event: 0.743 GC heap after
{Heap after GC invocations=2 (full 0):
 garbage-first heap   total 258048K, used 10848K [0x0000000705200000, 0x0000000800000000)
  region size 1024K, 7 young (7168K), 7 survivors (7168K)
 Metaspace       used 20983K, capacity 21174K, committed 21248K, reserved 1069056K
  class space    used 2199K, capacity 2277K, committed 2304K, reserved 1048576K
}
Event: 1.250 GC heap before
{Heap before GC invocations=3 (full 0):
 garbage-first heap   total 258048K, used 71264K [0x0000000705200000, 0x0000000800000000)
  region size 1024K, 60 young (61440K), 7 survivors (7168K)
 Metaspace       used 32058K, capacity 32543K, committed 32768K, reserved 1077248K
  class space    used 3786K, capacity 3994K, committed 4096K, reserved 1048576K
}
Event: 1.257 GC heap after
{Heap after GC invocations=4 (full 0):
 garbage-first heap   total 258048K, used 23673K [0x0000000705200000, 0x0000000800000000)
  region size 1024K, 8 young (8192K), 8 survivors (8192K)
 Metaspace       used 32058K, capacity 32543K, committed 32768K, reserved 1077248K
  class space    used 3786K, capacity 3994K, committed 4096K, reserved 1048576K
}
Event: 1.382 GC heap before
{Heap before GC invocations=4 (full 0):
 garbage-first heap   total 258048K, used 34937K [0x0000000705200000, 0x0000000800000000)
  region size 1024K, 20 young (20480K), 8 survivors (8192K)
 Metaspace       used 35266K, capacity 35716K, committed 35840K, reserved 1081344K
  class space    used 4333K, capacity 4540K, committed 4608K, reserved 1048576K
}
Event: 1.386 GC heap after
{Heap after GC invocations=5 (full 0):
 garbage-first heap   total 258048K, used 25657K [0x0000000705200000, 0x0000000800000000)
  region size 1024K, 2 young (2048K), 2 survivors (2048K)
 Metaspace       used 35266K, capacity 35716K, committed 35840K, reserved 1081344K
  class space    used 4333K, capacity 4540K, committed 4608K, reserved 1048576K
}
Event: 2.115 GC heap before
{Heap before GC invocations=6 (full 0):
 garbage-first heap   total 258048K, used 89145K [0x0000000705200000, 0x0000000800000000)
  region size 1024K, 65 young (66560K), 2 survivors (2048K)
 Metaspace       used 48202K, capacity 48725K, committed 48896K, reserved 1091584K
  class space    used 5623K, capacity 5844K, committed 5888K, reserved 1048576K
}
Event: 2.119 GC heap after
{Heap after GC invocations=7 (full 0):
 garbage-first heap   total 310272K, used 29370K [0x0000000705200000, 0x0000000800000000)
  region size 1024K, 8 young (8192K), 8 survivors (8192K)
 Metaspace       used 48202K, capacity 48725K, committed 48896K, reserved 1091584K
  class space    used 5623K, capacity 5844K, committed 5888K, reserved 1048576K
}
Event: 3.620 GC heap before
{Heap before GC invocations=7 (full 0):
 garbage-first heap   total 310272K, used 173754K [0x0000000705200000, 0x0000000800000000)
  region size 1024K, 146 young (149504K), 8 survivors (8192K)
 Metaspace       used 58340K, capacity 58977K, committed 59136K, reserved 1101824K
  class space    used 6575K, capacity 6838K, committed 6912K, reserved 1048576K
}
Event: 3.630 GC heap after
{Heap after GC invocations=8 (full 0):
 garbage-first heap   total 310272K, used 51062K [0x0000000705200000, 0x0000000800000000)
  region size 1024K, 19 young (19456K), 19 survivors (19456K)
 Metaspace       used 58340K, capacity 58977K, committed 59136K, reserved 1101824K
  class space    used 6575K, capacity 6838K, committed 6912K, reserved 1048576K
}
Event: 3.797 GC heap before
{Heap before GC invocations=8 (full 0):
 garbage-first heap   total 310272K, used 65398K [0x0000000705200000, 0x0000000800000000)
  region size 1024K, 34 young (34816K), 19 survivors (19456K)
 Metaspace       used 59372K, capacity 60043K, committed 60160K, reserved 1101824K
  class space    used 6705K, capacity 6980K, committed 7040K, reserved 1048576K
}
Event: 3.806 GC heap after
{Heap after GC invocations=9 (full 0):
 garbage-first heap   total 310272K, used 55665K [0x0000000705200000, 0x0000000800000000)
  region size 1024K, 4 young (4096K), 4 survivors (4096K)
 Metaspace       used 59372K, capacity 60043K, committed 60160K, reserved 1101824K
  class space    used 6705K, capacity 6980K, committed 7040K, reserved 1048576K
}

Deoptimization events (20 events):
Event: 5.300 Thread 0x000002dd125df800 Uncommon trap: trap_request=0xffffff4d fr.pc=0x000002dd1e1f6268 relative=0x0000000000001168
Event: 5.300 Thread 0x000002dd125df800 Uncommon trap: reason=unstable_if action=reinterpret pc=0x000002dd1e1f6268 method=org.jetbrains.kotlin.resolve.calls.components.candidate.ResolutionCandidate.processParts(Z)V @ 32 c2
Event: 5.300 Thread 0x000002dd125df800 DEOPT PACKING pc=0x000002dd1e1f6268 sp=0x000000deb82f9990
Event: 5.300 Thread 0x000002dd125df800 DEOPT UNPACKING pc=0x000002dd1614a1af sp=0x000000deb82f9938 mode 2
Event: 5.309 Thread 0x000002dd125df800 Uncommon trap: trap_request=0xfffffff4 fr.pc=0x000002dd1e1db6a8 relative=0x0000000000000228
Event: 5.310 Thread 0x000002dd125df800 Uncommon trap: reason=null_check action=make_not_entrant pc=0x000002dd1e1db6a8 method=org.jetbrains.kotlin.psi.KtPsiUtil.deparenthesizeOnce(Lorg/jetbrains/kotlin/psi/KtExpression;Z)Lorg/jetbrains/kotlin/psi/KtExpression; @ 1 c2
Event: 5.310 Thread 0x000002dd125df800 DEOPT PACKING pc=0x000002dd1e1db6a8 sp=0x000000deb82f96c0
Event: 5.310 Thread 0x000002dd125df800 DEOPT UNPACKING pc=0x000002dd1614a1af sp=0x000000deb82f9588 mode 2
Event: 5.350 Thread 0x000002dd125df800 Uncommon trap: trap_request=0xffffffdc fr.pc=0x000002dd1e1ff708 relative=0x0000000000000248
Event: 5.350 Thread 0x000002dd125df800 Uncommon trap: reason=class_check action=make_not_entrant pc=0x000002dd1e1ff708 method=java.util.ArrayList.toArray([Ljava/lang/Object;)[Ljava/lang/Object; @ 21 c2
Event: 5.350 Thread 0x000002dd125df800 DEOPT PACKING pc=0x000002dd1e1ff708 sp=0x000000deb82f9820
Event: 5.350 Thread 0x000002dd125df800 DEOPT UNPACKING pc=0x000002dd1614a1af sp=0x000000deb82f97e0 mode 2
Event: 5.380 Thread 0x000002dd125df800 Uncommon trap: trap_request=0xffffffde fr.pc=0x000002dd1df9b3f4 relative=0x0000000000000694
Event: 5.380 Thread 0x000002dd125df800 Uncommon trap: reason=class_check action=maybe_recompile pc=0x000002dd1df9b3f4 method=kotlin.collections.CollectionsKt__MutableCollectionsKt.addAll(Ljava/util/Collection;Ljava/lang/Iterable;)Z @ 49 c2
Event: 5.380 Thread 0x000002dd125df800 DEOPT PACKING pc=0x000002dd1df9b3f4 sp=0x000000deb82fd320
Event: 5.380 Thread 0x000002dd125df800 DEOPT UNPACKING pc=0x000002dd1614a1af sp=0x000000deb82fd328 mode 2
Event: 5.380 Thread 0x000002dd125df800 Uncommon trap: trap_request=0xffffffde fr.pc=0x000002dd1df9b3f4 relative=0x0000000000000694
Event: 5.380 Thread 0x000002dd125df800 Uncommon trap: reason=class_check action=maybe_recompile pc=0x000002dd1df9b3f4 method=kotlin.collections.CollectionsKt__MutableCollectionsKt.addAll(Ljava/util/Collection;Ljava/lang/Iterable;)Z @ 49 c2
Event: 5.380 Thread 0x000002dd125df800 DEOPT PACKING pc=0x000002dd1df9b3f4 sp=0x000000deb82fd320
Event: 5.380 Thread 0x000002dd125df800 DEOPT UNPACKING pc=0x000002dd1614a1af sp=0x000000deb82fd328 mode 2

Classes redefined (0 events):
No events

Internal exceptions (20 events):
Event: 4.086 Thread 0x000002dd125df800 Exception <a 'java/lang/IncompatibleClassChangeError'{0x0000000716515580}: Found class java.lang.Object, but interface was expected> (0x0000000716515580) thrown at [src/hotspot/share/interpreter/linkResolver.cpp, line 839]
Event: 4.113 Thread 0x000002dd125df800 Exception <a 'java/lang/NoSuchMethodError'{0x00000007165e5118}: 'java.lang.Object java.lang.invoke.Invokers$Holder.linkToTargetMethod(java.lang.Object, java.lang.Object, java.lang.Object, java.lang.Object, java.lang.Object, java.lang.Object, java.lang.Object)'> (0x00000007165e5118) thrown at [src/hotspot/share/interpreter/linkResolver.cpp, line 773]
Event: 4.399 Thread 0x000002dd125df800 Exception <a 'java/lang/NoSuchMethodError'{0x0000000715991080}: 'java.lang.Object java.lang.invoke.DirectMethodHandle$Holder.invokeInterface(java.lang.Object, java.lang.Object, java.lang.Object)'> (0x0000000715991080) thrown at [src/hotspot/share/interpreter/linkResolver.cpp, line 773]
Event: 4.399 Thread 0x000002dd125df800 Exception <a 'java/lang/IncompatibleClassChangeError'{0x0000000715994558}: Found class java.lang.Object, but interface was expected> (0x0000000715994558) thrown at [src/hotspot/share/interpreter/linkResolver.cpp, line 839]
Event: 4.828 Thread 0x000002dd125df800 Implicit null exception at 0x000002dd1dcbbdf7 to 0x000002dd1dcbc310
Event: 4.832 Thread 0x000002dd125df800 Implicit null exception at 0x000002dd1df44282 to 0x000002dd1df4ac40
Event: 4.832 Thread 0x000002dd125df800 Implicit null exception at 0x000002dd1df44282 to 0x000002dd1df4ac40
Event: 4.832 Thread 0x000002dd125df800 Implicit null exception at 0x000002dd1df44282 to 0x000002dd1df4ac40
Event: 4.832 Thread 0x000002dd125df800 Implicit null exception at 0x000002dd1df44282 to 0x000002dd1df4ac40
Event: 4.833 Thread 0x000002dd125df800 Implicit null exception at 0x000002dd1df44282 to 0x000002dd1df4ac40
Event: 4.833 Thread 0x000002dd125df800 Implicit null exception at 0x000002dd1df44282 to 0x000002dd1df4ac40
Event: 4.833 Thread 0x000002dd125df800 Implicit null exception at 0x000002dd1df44282 to 0x000002dd1df4ac40
Event: 4.833 Thread 0x000002dd125df800 Implicit null exception at 0x000002dd1df44282 to 0x000002dd1df4ac40
Event: 4.834 Thread 0x000002dd125df800 Implicit null exception at 0x000002dd1df44282 to 0x000002dd1df4ac40
Event: 4.834 Thread 0x000002dd125df800 Implicit null exception at 0x000002dd1df44282 to 0x000002dd1df4ac40
Event: 4.834 Thread 0x000002dd125df800 Implicit null exception at 0x000002dd1df44282 to 0x000002dd1df4ac40
Event: 4.834 Thread 0x000002dd125df800 Implicit null exception at 0x000002dd1df44282 to 0x000002dd1df4ac40
Event: 4.835 Thread 0x000002dd125df800 Implicit null exception at 0x000002dd1df1d937 to 0x000002dd1df21138
Event: 4.868 Thread 0x000002dd125df800 Implicit null exception at 0x000002dd1dcbdff4 to 0x000002dd1dcbe520
Event: 5.309 Thread 0x000002dd125df800 Implicit null exception at 0x000002dd1e1db48f to 0x000002dd1e1db69c

Events (20 events):
Event: 5.286 loading class org/jetbrains/kotlin/resolve/calls/model/ArgumentUnmapped
Event: 5.286 loading class org/jetbrains/kotlin/resolve/calls/model/ArgumentUnmapped done
Event: 5.289 loading class org/jetbrains/kotlin/resolve/calls/model/ResolvedCall
Event: 5.289 loading class org/jetbrains/kotlin/resolve/calls/model/ResolvedCall done
Event: 5.289 loading class org/jetbrains/kotlin/resolve/calls/model/ResolvedCall
Event: 5.289 loading class org/jetbrains/kotlin/resolve/calls/model/ResolvedCall done
Event: 5.289 loading class kotlin/jvm/functions/Function1
Event: 5.289 loading class kotlin/jvm/functions/Function1 done
Event: 5.290 loading class org/jetbrains/kotlin/resolve/calls/results/ManyCandidates
Event: 5.290 loading class org/jetbrains/kotlin/resolve/calls/results/ManyCandidates done
Event: 5.291 loading class org/jetbrains/kotlin/resolve/calls/tower/PSIErrorCallInfo
Event: 5.291 loading class org/jetbrains/kotlin/resolve/calls/tower/PSIErrorCallInfo done
Event: 5.292 loading class org/jetbrains/kotlin/resolve/calls/components/ErrorCallInfo
Event: 5.292 loading class org/jetbrains/kotlin/resolve/calls/components/ErrorCallInfo done
Event: 5.295 loading class org/jetbrains/kotlin/resolve/calls/results/ManyCandidates$WhenMappings
Event: 5.295 loading class org/jetbrains/kotlin/resolve/calls/results/ManyCandidates$WhenMappings done
Event: 5.319 Executing VM operation: ICBufferFull
Event: 5.320 Executing VM operation: ICBufferFull done
Event: 5.378 loading class javaslang/collection/HashArrayMappedTrieModule$LeafNodeIterator
Event: 5.378 loading class javaslang/collection/HashArrayMappedTrieModule$LeafNodeIterator done


Dynamic libraries:
0x00007ff6a1990000 - 0x00007ff6a199a000 	C:\Program Files\Android\Android Studio\jbr\bin\java.exe
0x00007ff82af30000 - 0x00007ff82b144000 	C:\Windows\SYSTEM32\ntdll.dll
0x00007ff829f90000 - 0x00007ff82a052000 	C:\Windows\System32\KERNEL32.DLL
0x00007ff828330000 - 0x00007ff8286d3000 	C:\Windows\System32\KERNELBASE.dll
0x00007ff828b40000 - 0x00007ff828c51000 	C:\Windows\System32\ucrtbase.dll
0x00007ff817fc0000 - 0x00007ff817fd7000 	C:\Program Files\Android\Android Studio\jbr\bin\jli.dll
0x00007ff81caf0000 - 0x00007ff81cb0b000 	C:\Program Files\Android\Android Studio\jbr\bin\VCRUNTIME140.dll
0x00007ff82a810000 - 0x00007ff82a9bb000 	C:\Windows\System32\USER32.dll
0x00007ff828c60000 - 0x00007ff828c86000 	C:\Windows\System32\win32u.dll
0x00007ff804870000 - 0x00007ff804afe000 	C:\Windows\WinSxS\amd64_microsoft.windows.common-controls_6595b64144ccf1df_6.0.22621.1635_none_270f70857386168e\COMCTL32.dll
0x00007ff828d20000 - 0x00007ff828d49000 	C:\Windows\System32\GDI32.dll
0x00007ff82acd0000 - 0x00007ff82ad77000 	C:\Windows\System32\msvcrt.dll
0x00007ff828910000 - 0x00007ff828a29000 	C:\Windows\System32\gdi32full.dll
0x00007ff828aa0000 - 0x00007ff828b3a000 	C:\Windows\System32\msvcp_win.dll
0x00007ff82a7d0000 - 0x00007ff82a801000 	C:\Windows\System32\IMM32.DLL
0x00007ff81e0f0000 - 0x00007ff81e0fc000 	C:\Program Files\Android\Android Studio\jbr\bin\vcruntime140_1.dll
0x00007ffffa8f0000 - 0x00007ffffa97d000 	C:\Program Files\Android\Android Studio\jbr\bin\msvcp140.dll
0x00007fffc3eb0000 - 0x00007fffc4a6c000 	C:\Program Files\Android\Android Studio\jbr\bin\server\jvm.dll
0x00007ff829e60000 - 0x00007ff829f0e000 	C:\Windows\System32\ADVAPI32.dll
0x00007ff82ac20000 - 0x00007ff82acc4000 	C:\Windows\System32\sechost.dll
0x00007ff829210000 - 0x00007ff829327000 	C:\Windows\System32\RPCRT4.dll
0x00007ff828d10000 - 0x00007ff828d18000 	C:\Windows\System32\PSAPI.DLL
0x00007ff81d330000 - 0x00007ff81d33a000 	C:\Windows\SYSTEM32\VERSION.dll
0x00007ff8252a0000 - 0x00007ff8252a9000 	C:\Windows\SYSTEM32\WSOCK32.dll
0x00007ff81e010000 - 0x00007ff81e044000 	C:\Windows\SYSTEM32\WINMM.dll
0x00007ff829f10000 - 0x00007ff829f81000 	C:\Windows\System32\WS2_32.dll
0x00007ff8273a0000 - 0x00007ff8273b8000 	C:\Windows\SYSTEM32\kernel.appcore.dll
0x00007ff825290000 - 0x00007ff8252a0000 	C:\Program Files\Android\Android Studio\jbr\bin\verify.dll
0x00007ff825510000 - 0x00007ff82573e000 	C:\Windows\SYSTEM32\DBGHELP.DLL
0x00007ff82a2b0000 - 0x00007ff82a639000 	C:\Windows\System32\combase.dll
0x00007ff82ab40000 - 0x00007ff82ac17000 	C:\Windows\System32\OLEAUT32.dll
0x00007ff81d0e0000 - 0x00007ff81d112000 	C:\Windows\SYSTEM32\dbgcore.DLL
0x00007ff828c90000 - 0x00007ff828d0b000 	C:\Windows\System32\bcryptPrimitives.dll
0x00007ff820640000 - 0x00007ff820668000 	C:\Program Files\Android\Android Studio\jbr\bin\java.dll
0x00007ff823620000 - 0x00007ff82362a000 	C:\Program Files\Android\Android Studio\jbr\bin\jimage.dll
0x00007ff820680000 - 0x00007ff820698000 	C:\Program Files\Android\Android Studio\jbr\bin\zip.dll
0x00007ff829330000 - 0x00007ff829b2a000 	C:\Windows\System32\SHELL32.dll
0x00007ff8262e0000 - 0x00007ff826bae000 	C:\Windows\SYSTEM32\windows.storage.dll
0x00007ff8261a0000 - 0x00007ff8262de000 	C:\Windows\SYSTEM32\wintypes.dll
0x00007ff829b30000 - 0x00007ff829c21000 	C:\Windows\System32\SHCORE.dll
0x00007ff82a770000 - 0x00007ff82a7ce000 	C:\Windows\System32\shlwapi.dll
0x00007ff828260000 - 0x00007ff828281000 	C:\Windows\SYSTEM32\profapi.dll
0x00007ff81e070000 - 0x00007ff81e089000 	C:\Program Files\Android\Android Studio\jbr\bin\net.dll
0x00007ff8200d0000 - 0x00007ff820207000 	C:\Windows\SYSTEM32\WINHTTP.dll
0x00007ff827890000 - 0x00007ff8278f9000 	C:\Windows\system32\mswsock.dll
0x00007ff818020000 - 0x00007ff818033000 	C:\Program Files\Android\Android Studio\jbr\bin\nio.dll

dbghelp: loaded successfully - version: 4.0.5 - missing functions: none
symbol engine: initialized successfully - sym options: 0x614 - pdb path: .;C:\Program Files\Android\Android Studio\jbr\bin;C:\Windows\SYSTEM32;C:\Windows\WinSxS\amd64_microsoft.windows.common-controls_6595b64144ccf1df_6.0.22621.1635_none_270f70857386168e;C:\Program Files\Android\Android Studio\jbr\bin\server

VM Arguments:
java_command: org.jetbrains.kotlin.cli.jvm.K2JVMCompiler @C:\Users\kingmingseo\AndroidStudioProjects\BreakingBlock2\app\build\20230603_15126174284331082243.compiler.options
java_class_path (initial): C:\Users\kingmingseo\.gradle\caches\modules-2\files-2.1\org.jetbrains.kotlin\kotlin-compiler-embeddable\1.8.0\eb9118d4bcceaa2a94b2ae2a33a4ddba7c9a947f\kotlin-compiler-embeddable-1.8.0.jar;C:\Users\kingmingseo\.gradle\caches\modules-2\files-2.1\org.jetbrains.kotlin\kotlin-stdlib\1.8.0\1796921c7a3e2e2665a83e6c8d33399336cd39bc\kotlin-stdlib-1.8.0.jar;C:\Users\kingmingseo\.gradle\caches\modules-2\files-2.1\org.jetbrains.kotlin\kotlin-script-runtime\1.8.0\b2f7e760d283cb339974851c222a4c1d48f2d3d\kotlin-script-runtime-1.8.0.jar;C:\Users\kingmingseo\.gradle\caches\modules-2\files-2.1\org.jetbrains.kotlin\kotlin-reflect\1.6.10\1cbe9c92c12a94eea200d23c2bbaedaf3daf5132\kotlin-reflect-1.6.10.jar;C:\Users\kingmingseo\.gradle\caches\modules-2\files-2.1\org.jetbrains.kotlin\kotlin-daemon-embeddable\1.8.0\d255216c551685dc3a7e852b53617f5f01aaaa5c\kotlin-daemon-embeddable-1.8.0.jar;C:\Users\kingmingseo\.gradle\caches\modules-2\files-2.1\org.jetbrains.intellij.deps\trove4j\1.0.20200330\3afb14d5f9ceb459d724e907a21145e8ff394f02\trove4j-1.0.20200330.jar;C:\Users\kingmingseo\.gradle\caches\modules-2\files-2.1\net.java.dev.jna\jna\5.6.0\330f2244e9030119ab3030fc3fededc86713d9cc\jna-5.6.0.jar;C:\Users\kingmingseo\.gradle\caches\modules-2\files-2.1\org.jetbrains.kotlin\kotlin-stdlib-common\1.8.0\f7197e7cc76453ac59f8b0f8d5137cc600becd36\kotlin-stdlib-common-1.8.0.jar;C:\Users\kingmingseo\.gradle\caches\modules-2\files-2.1\org.jetbrains\annotations\13.0\919f0dfe192fb4e063e7dacadee7f8bb9a2672a9\annotations-13.0.jar
Launcher Type: SUN_STANDARD

[Global flags]
     intx CICompilerCount                          = 12                                        {product} {ergonomic}
     uint ConcGCThreads                            = 4                                         {product} {ergonomic}
     uint G1ConcRefinementThreads                  = 15                                        {product} {ergonomic}
   size_t G1HeapRegionSize                         = 1048576                                   {product} {ergonomic}
    uintx GCDrainStackTargetSize                   = 64                                        {product} {ergonomic}
   size_t InitialHeapSize                          = 264241152                                 {product} {ergonomic}
   size_t MarkStackSize                            = 4194304                                   {product} {ergonomic}
   size_t MaxHeapSize                              = 4208984064                                {product} {ergonomic}
   size_t MaxNewSize                               = 2524971008                                {product} {ergonomic}
   size_t MinHeapDeltaBytes                        = 1048576                                   {product} {ergonomic}
    uintx NonNMethodCodeHeapSize                   = 7594288                                {pd product} {ergonomic}
    uintx NonProfiledCodeHeapSize                  = 122031976                              {pd product} {ergonomic}
    uintx ProfiledCodeHeapSize                     = 122031976                              {pd product} {ergonomic}
    uintx ReservedCodeCacheSize                    = 251658240                              {pd product} {ergonomic}
     bool SegmentedCodeCache                       = true                                      {product} {ergonomic}
     bool UseCompressedClassPointers               = true                                 {lp64_product} {ergonomic}
     bool UseCompressedOops                        = true                                 {lp64_product} {ergonomic}
     bool UseG1GC                                  = true                                      {product} {ergonomic}
     bool UseLargePagesIndividualAllocation        = false                                  {pd product} {ergonomic}

Logging:
Log output configuration:
 #0: stdout all=warning uptime,level,tags
 #1: stderr all=off uptime,level,tags

Environment Variables:
PATH=C:\Program Files (x86)\Common Files\Oracle\Java\javapath;C:\Windows\system32;C:\Windows;C:\Windows\System32\Wbem;C:\Windows\System32\WindowsPowerShell\v1.0\;C:\Windows\System32\OpenSSH\;C:\Program Files\NVIDIA Corporation\NVIDIA NvDLISR;C:\Program Files\Bandizip\;C:\Program Files\Git\cmd;C:\Program Files (x86)\NVIDIA Corporation\PhysX\Common;C:\Users\kingmingseo\AppData\Local\Android\Sdk\tools;C:\Users\kingmingseo\AppData\Local\Android\Sdk\platform-tools;C:\Users\kingmingseo\AppData\Local\Microsoft\WindowsApps;C:\Program Files\JetBrains\PyCharm Community Edition 2022.3.3\bin;C:\Program Files\JetBrains\IntelliJ IDEA Community Edition 2022.3.3\bin;C:\Users\kingmingseo\AppData\Local\gitkraken\bin
USERNAME=kingmingseo
OS=Windows_NT
PROCESSOR_IDENTIFIER=Intel64 Family 6 Model 154 Stepping 3, GenuineIntel



---------------  S Y S T E M  ---------------

OS: Windows 11 , 64 bit Build 22621 (10.0.22621.1778)
OS uptime: 0 days 23:21 hours
Hyper-V role detected

CPU:total 20 (initial active 20) (10 cores per cpu, 2 threads per core) family 6 model 154 stepping 3 microcode 0x429, cmov, cx8, fxsr, mmx, sse, sse2, sse3, ssse3, sse4.1, sse4.2, popcnt, avx, avx2, aes, clmul, erms, 3dnowpref, lzcnt, ht, tsc, tscinvbit, bmi1, bmi2, adx, sha, fma

Memory: 4k page, system-wide physical 16049M (1525M free)
TotalPageFile size 45700M (AvailPageFile size 0M)
current process WorkingSet (physical memory assigned to process): 461M, peak: 461M
current process commit charge ("private bytes"): 605M, peak: 605M

vm_info: OpenJDK 64-Bit Server VM (11.0.15+0-b2043.56-9505619) for windows-amd64 JRE (11.0.15+0-b2043.56-9505619), built on Jan 19 2023 02:48:00 by "builduser" with unknown MS VC++:1929

END.
