#
# There is insufficient memory for the Java Runtime Environment to continue.
# Native memory allocation (malloc) failed to allocate 1970896 bytes for Chunk::new
# Possible reasons:
#   The system is out of physical RAM or swap space
#   The process is running with CompressedOops enabled, and the Java Heap may be blocking the growth of the native heap
# Possible solutions:
#   Reduce memory load on the system
#   Increase physical memory or swap space
#   Check if swap backing store is full
#   Decrease Java heap size (-Xmx/-Xms)
#   Decrease number of Java threads
#   Decrease Java thread stack sizes (-Xss)
#   Set larger code cache with -XX:ReservedCodeCacheSize=
#   JVM is running with Zero Based Compressed Oops mode in which the Java heap is
#     placed in the first 32GB address space. The Java Heap base address is the
#     maximum limit for the native heap growth. Please use -XX:HeapBaseMinAddress
#     to set the Java Heap base and to place the Java Heap above 32GB virtual address.
# This output file may be truncated or incomplete.
#
#  Out of Memory Error (src/hotspot/share/memory/arena.cpp:197), pid=5868, tid=18144
#
# JRE version: OpenJDK Runtime Environment (11.0.15) (build 11.0.15+0-b2043.56-9505619)
# Java VM: OpenJDK 64-Bit Server VM (11.0.15+0-b2043.56-9505619, mixed mode, tiered, compressed oops, g1 gc, windows-amd64)
# No core dump will be written. Minidumps are not enabled by default on client versions of Windows
#

---------------  S U M M A R Y ------------

Command Line: org.jetbrains.kotlin.cli.jvm.K2JVMCompiler @C:\Users\kingmingseo\AndroidStudioProjects\BreakingBlock2\app\build\20230603_16067715948836016463.compiler.options

Host: 12th Gen Intel(R) Core(TM) i7-12700H, 20 cores, 15G,  Windows 11 , 64 bit Build 22621 (10.0.22621.1778)
Time: Sat Jun  3 15:54:16 2023  Windows 11 , 64 bit Build 22621 (10.0.22621.1778) elapsed time: 4.752826 seconds (0d 0h 0m 4s)

---------------  T H R E A D  ---------------

Current thread (0x000001ddff800000):  JavaThread "C2 CompilerThread3" daemon [_thread_in_native, id=18144, stack(0x000000c57a400000,0x000000c57a500000)]


Current CompileTask:
C2:   4752 7516       4       org.jetbrains.org.objectweb.asm.ClassReader::readMethod (1061 bytes)

Stack: [0x000000c57a400000,0x000000c57a500000]
Native frames: (J=compiled Java code, j=interpreted, Vv=VM code, C=native code)
V  [jvm.dll+0x64135a]
V  [jvm.dll+0x7d39f9]
V  [jvm.dll+0x7d51b9]
V  [jvm.dll+0x7d58a3]
V  [jvm.dll+0x2691c5]
V  [jvm.dll+0xc1a5c]
V  [jvm.dll+0xc200c]
V  [jvm.dll+0x3774a7]
V  [jvm.dll+0x1b3914]
V  [jvm.dll+0x22163e]
V  [jvm.dll+0x220498]
V  [jvm.dll+0x19e851]
V  [jvm.dll+0x230479]
V  [jvm.dll+0x22e5ef]
V  [jvm.dll+0x794de1]
V  [jvm.dll+0x78dc24]
V  [jvm.dll+0x6400f6]
C  [ucrtbase.dll+0x29363]
C  [KERNEL32.DLL+0x126ad]
C  [ntdll.dll+0x5a9f8]


---------------  P R O C E S S  ---------------

Threads class SMR info:
_java_thread_list=0x000001dd9a12e190, length=20, elements={
0x000001ddede2f000, 0x000001ddff59a000, 0x000001ddff5c4000, 0x000001ddff632800,
0x000001ddff634000, 0x000001ddff635000, 0x000001ddff636000, 0x000001ddff637800,
0x000001ddff63b000, 0x000001ddff7b9800, 0x000001ddff7df800, 0x000001ddff7f9000,
0x000001ddff7fa000, 0x000001ddff800000, 0x000001dd8f4bc000, 0x000001dd8f348800,
0x000001dd9076c800, 0x000001dd924b4000, 0x000001dd91b20800, 0x000001dd91638800
}

Java Threads: ( => current thread )
  0x000001ddede2f000 JavaThread "main" [_thread_in_Java, id=3384, stack(0x000000c579000000,0x000000c579100000)]
  0x000001ddff59a000 JavaThread "Reference Handler" daemon [_thread_blocked, id=6840, stack(0x000000c579700000,0x000000c579800000)]
  0x000001ddff5c4000 JavaThread "Finalizer" daemon [_thread_blocked, id=14208, stack(0x000000c579800000,0x000000c579900000)]
  0x000001ddff632800 JavaThread "Signal Dispatcher" daemon [_thread_blocked, id=21216, stack(0x000000c579900000,0x000000c579a00000)]
  0x000001ddff634000 JavaThread "Attach Listener" daemon [_thread_blocked, id=20104, stack(0x000000c579a00000,0x000000c579b00000)]
  0x000001ddff635000 JavaThread "Service Thread" daemon [_thread_blocked, id=10540, stack(0x000000c579b00000,0x000000c579c00000)]
  0x000001ddff636000 JavaThread "C2 CompilerThread0" daemon [_thread_in_native, id=7424, stack(0x000000c579c00000,0x000000c579d00000)]
  0x000001ddff637800 JavaThread "C1 CompilerThread0" daemon [_thread_blocked, id=2372, stack(0x000000c579d00000,0x000000c579e00000)]
  0x000001ddff63b000 JavaThread "Sweeper thread" daemon [_thread_blocked, id=11124, stack(0x000000c579e00000,0x000000c579f00000)]
  0x000001ddff7b9800 JavaThread "C1 CompilerThread1" daemon [_thread_blocked, id=5296, stack(0x000000c579f00000,0x000000c57a000000)]
  0x000001ddff7df800 JavaThread "Common-Cleaner" daemon [_thread_blocked, id=2744, stack(0x000000c57a100000,0x000000c57a200000)]
  0x000001ddff7f9000 JavaThread "C2 CompilerThread1" daemon [_thread_in_native, id=18724, stack(0x000000c57a200000,0x000000c57a300000)]
  0x000001ddff7fa000 JavaThread "C2 CompilerThread2" daemon [_thread_in_native, id=14664, stack(0x000000c57a300000,0x000000c57a400000)]
=>0x000001ddff800000 JavaThread "C2 CompilerThread3" daemon [_thread_in_native, id=18144, stack(0x000000c57a400000,0x000000c57a500000)]
  0x000001dd8f4bc000 JavaThread "C1 CompilerThread2" daemon [_thread_blocked, id=17708, stack(0x000000c57a500000,0x000000c57a600000)]
  0x000001dd8f348800 JavaThread "C1 CompilerThread3" daemon [_thread_blocked, id=20524, stack(0x000000c57a600000,0x000000c57a700000)]
  0x000001dd9076c800 JavaThread "C2 CompilerThread4" daemon [_thread_in_native, id=20732, stack(0x000000c57af00000,0x000000c57b000000)]
  0x000001dd924b4000 JavaThread "C2 CompilerThread5" daemon [_thread_in_native, id=20316, stack(0x000000c57b000000,0x000000c57b100000)]
  0x000001dd91b20800 JavaThread "C2 CompilerThread6" daemon [_thread_in_native, id=11452, stack(0x000000c57b100000,0x000000c57b200000)]
  0x000001dd91638800 JavaThread "C2 CompilerThread7" daemon [_thread_in_native, id=3860, stack(0x000000c57b200000,0x000000c57b300000)]

Other Threads:
  0x000001ddfed0e800 VMThread "VM Thread" [stack: 0x000000c579600000,0x000000c579700000] [id=12988]
  0x000001ddff7c8800 WatcherThread [stack: 0x000000c57a000000,0x000000c57a100000] [id=13072]
  0x000001ddede47800 GCTaskThread "GC Thread#0" [stack: 0x000000c579100000,0x000000c579200000] [id=10676]
  0x000001dd8f60b000 GCTaskThread "GC Thread#1" [stack: 0x000000c57a700000,0x000000c57a800000] [id=12636]
  0x000001dd8f60b800 GCTaskThread "GC Thread#2" [stack: 0x000000c57a800000,0x000000c57a900000] [id=14448]
  0x000001dd8f63e000 GCTaskThread "GC Thread#3" [stack: 0x000000c57a900000,0x000000c57aa00000] [id=360]
  0x000001dd8f63f000 GCTaskThread "GC Thread#4" [stack: 0x000000c57aa00000,0x000000c57ab00000] [id=15144]
  0x000001dd8f63f800 GCTaskThread "GC Thread#5" [stack: 0x000000c57ab00000,0x000000c57ac00000] [id=9412]
  0x000001ddedea3800 ConcurrentGCThread "G1 Main Marker" [stack: 0x000000c579200000,0x000000c579300000] [id=2324]
  0x000001ddedea6000 ConcurrentGCThread "G1 Conc#0" [stack: 0x000000c579300000,0x000000c579400000] [id=13188]
  0x000001dd8fc3f800 ConcurrentGCThread "G1 Conc#1" [stack: 0x000000c57ac00000,0x000000c57ad00000] [id=7644]
  0x000001dd8f9b3800 ConcurrentGCThread "G1 Conc#2" [stack: 0x000000c57ad00000,0x000000c57ae00000] [id=13492]
  0x000001dd8fe3a000 ConcurrentGCThread "G1 Conc#3" [stack: 0x000000c57ae00000,0x000000c57af00000] [id=14064]
  0x000001ddfebfa000 ConcurrentGCThread "G1 Refine#0" [stack: 0x000000c579400000,0x000000c579500000] [id=8220]
  0x000001dd922a6800 ConcurrentGCThread "G1 Refine#1" [stack: 0x000000c57b300000,0x000000c57b400000] [id=11160]
  0x000001dd8fa79000 ConcurrentGCThread "G1 Refine#2" [stack: 0x000000c57b400000,0x000000c57b500000] [id=10316]
  0x000001ddfebfd000 ConcurrentGCThread "G1 Young RemSet Sampling" [stack: 0x000000c579500000,0x000000c579600000] [id=12028]

Threads with active compile tasks:
C2 CompilerThread0     4762 7860       4       org.jetbrains.kotlin.parsing.KotlinExpressionParsing$Precedence::parseHigherPrecedence (30 bytes)
C2 CompilerThread1     4762 7900       4       org.jetbrains.kotlin.parsing.KotlinExpressionParsing::parseBinaryExpression (70 bytes)
C2 CompilerThread2     4762 7885       4       org.jetbrains.kotlin.com.intellij.psi.impl.source.CharTableImpl$StringHashToCharSequencesMap::charSequenceSubSequenceEquals (90 bytes)
C2 CompilerThread3     4763 7516       4       org.jetbrains.org.objectweb.asm.ClassReader::readMethod (1061 bytes)
C2 CompilerThread4     4763 7577       4       org.jetbrains.kotlin.com.intellij.lang.impl.PsiBuilderImpl::insertLeaves (88 bytes)
C2 CompilerThread5     4763 7822       4       org.jetbrains.kotlin.resolve.lazy.ForceResolveUtil::doForceResolveAllContents (222 bytes)
C2 CompilerThread6     4763 7778       4       org.jetbrains.kotlin.cli.jvm.index.JvmDependenciesIndexImpl::search (379 bytes)
C2 CompilerThread7     4763 7517       4       org.jetbrains.org.objectweb.asm.ClassReader::readField (667 bytes)

VM state:not at safepoint (normal execution)

VM Mutex/Monitor currently owned by a thread: None

Heap address: 0x0000000705200000, size: 4014 MB, Compressed Oops mode: Zero based, Oop shift amount: 3
Narrow klass base: 0x0000000800000000, Narrow klass shift: 0
Compressed class space size: 1073741824 Address: 0x0000000800000000

Heap:
 garbage-first heap   total 310272K, used 122666K [0x0000000705200000, 0x0000000800000000)
  region size 1024K, 85 young (87040K), 11 survivors (11264K)
 Metaspace       used 65230K, capacity 66141K, committed 66312K, reserved 1107968K
  class space    used 7475K, capacity 7853K, committed 7936K, reserved 1048576K
Heap Regions: E=young(eden), S=young(survivor), O=old, HS=humongous(starts), HC=humongous(continues), CS=collection set, F=free, A=archive, TAMS=top-at-mark-start (previous, next)
|   0|0x0000000705200000, 0x0000000705300000, 0x0000000705300000|100%|HS|  |TAMS 0x0000000705300000, 0x0000000705200000| Complete 
|   1|0x0000000705300000, 0x0000000705400000, 0x0000000705400000|100%|HC|  |TAMS 0x0000000705400000, 0x0000000705300000| Complete 
|   2|0x0000000705400000, 0x0000000705500000, 0x0000000705500000|100%|HC|  |TAMS 0x0000000705500000, 0x0000000705400000| Complete 
|   3|0x0000000705500000, 0x0000000705600000, 0x0000000705600000|100%|HC|  |TAMS 0x0000000705600000, 0x0000000705500000| Complete 
|   4|0x0000000705600000, 0x0000000705700000, 0x0000000705700000|100%|HS|  |TAMS 0x0000000705700000, 0x0000000705600000| Complete 
|   5|0x0000000705700000, 0x0000000705800000, 0x0000000705800000|100%|HC|  |TAMS 0x0000000705800000, 0x0000000705700000| Complete 
|   6|0x0000000705800000, 0x0000000705900000, 0x0000000705900000|100%|HC|  |TAMS 0x0000000705900000, 0x0000000705800000| Complete 
|   7|0x0000000705900000, 0x0000000705a00000, 0x0000000705a00000|100%|HC|  |TAMS 0x0000000705a00000, 0x0000000705900000| Complete 
|   8|0x0000000705a00000, 0x0000000705a00000, 0x0000000705b00000|  0%| F|  |TAMS 0x0000000705a00000, 0x0000000705a00000| Untracked 
|   9|0x0000000705b00000, 0x0000000705c00000, 0x0000000705c00000|100%| O|  |TAMS 0x0000000705c00000, 0x0000000705b00000| Untracked 
|  10|0x0000000705c00000, 0x0000000705d00000, 0x0000000705d00000|100%| O|  |TAMS 0x0000000705d00000, 0x0000000705c00000| Untracked 
|  11|0x0000000705d00000, 0x0000000705e00000, 0x0000000705e00000|100%| O|  |TAMS 0x0000000705e00000, 0x0000000705d00000| Untracked 
|  12|0x0000000705e00000, 0x0000000705f00000, 0x0000000705f00000|100%| O|  |TAMS 0x0000000705f00000, 0x0000000705e00000| Untracked 
|  13|0x0000000705f00000, 0x0000000706000000, 0x0000000706000000|100%| O|  |TAMS 0x0000000706000000, 0x0000000705f00000| Untracked 
|  14|0x0000000706000000, 0x0000000706100000, 0x0000000706100000|100%| O|  |TAMS 0x0000000706100000, 0x0000000706000000| Untracked 
|  15|0x0000000706100000, 0x0000000706200000, 0x0000000706200000|100%| O|  |TAMS 0x0000000706200000, 0x0000000706100000| Untracked 
|  16|0x0000000706200000, 0x0000000706300000, 0x0000000706300000|100%| O|  |TAMS 0x0000000706300000, 0x0000000706200000| Untracked 
|  17|0x0000000706300000, 0x0000000706400000, 0x0000000706400000|100%| O|  |TAMS 0x0000000706400000, 0x0000000706300000| Untracked 
|  18|0x0000000706400000, 0x0000000706500000, 0x0000000706500000|100%| O|  |TAMS 0x0000000706500000, 0x0000000706400000| Untracked 
|  19|0x0000000706500000, 0x0000000706600000, 0x0000000706600000|100%| O|  |TAMS 0x0000000706600000, 0x0000000706500000| Untracked 
|  20|0x0000000706600000, 0x0000000706700000, 0x0000000706700000|100%| O|  |TAMS 0x0000000706700000, 0x0000000706600000| Untracked 
|  21|0x0000000706700000, 0x0000000706800000, 0x0000000706800000|100%| O|  |TAMS 0x0000000706800000, 0x0000000706700000| Untracked 
|  22|0x0000000706800000, 0x0000000706900000, 0x0000000706900000|100%| O|  |TAMS 0x0000000706900000, 0x0000000706800000| Untracked 
|  23|0x0000000706900000, 0x0000000706a00000, 0x0000000706a00000|100%| O|  |TAMS 0x0000000706a00000, 0x0000000706900000| Untracked 
|  24|0x0000000706a00000, 0x0000000706b00000, 0x0000000706b00000|100%|HS|  |TAMS 0x0000000706b00000, 0x0000000706a00000| Complete 
|  25|0x0000000706b00000, 0x0000000706c00000, 0x0000000706c00000|100%|HC|  |TAMS 0x0000000706c00000, 0x0000000706b00000| Complete 
|  26|0x0000000706c00000, 0x0000000706d00000, 0x0000000706d00000|100%| O|  |TAMS 0x0000000706d00000, 0x0000000706c00000| Untracked 
|  27|0x0000000706d00000, 0x0000000706e00000, 0x0000000706e00000|100%| O|  |TAMS 0x0000000706e00000, 0x0000000706d00000| Untracked 
|  28|0x0000000706e00000, 0x0000000706f00000, 0x0000000706f00000|100%| O|  |TAMS 0x0000000706f00000, 0x0000000706e00000| Untracked 
|  29|0x0000000706f00000, 0x0000000707000000, 0x0000000707000000|100%| O|  |TAMS 0x0000000707000000, 0x0000000706f00000| Untracked 
|  30|0x0000000707000000, 0x0000000707100000, 0x0000000707100000|100%| O|  |TAMS 0x0000000707100000, 0x0000000707000000| Untracked 
|  31|0x0000000707100000, 0x0000000707200000, 0x0000000707200000|100%| O|  |TAMS 0x0000000707200000, 0x0000000707100000| Untracked 
|  32|0x0000000707200000, 0x0000000707300000, 0x0000000707300000|100%| O|  |TAMS 0x0000000707300000, 0x0000000707200000| Untracked 
|  33|0x0000000707300000, 0x0000000707400000, 0x0000000707400000|100%| O|  |TAMS 0x0000000707400000, 0x0000000707300000| Untracked 
|  34|0x0000000707400000, 0x0000000707500000, 0x0000000707500000|100%| O|  |TAMS 0x0000000707500000, 0x0000000707400000| Untracked 
|  35|0x0000000707500000, 0x0000000707600000, 0x0000000707600000|100%| O|  |TAMS 0x0000000707600000, 0x0000000707500000| Untracked 
|  36|0x0000000707600000, 0x0000000707700000, 0x0000000707700000|100%| O|  |TAMS 0x0000000707700000, 0x0000000707600000| Untracked 
|  37|0x0000000707700000, 0x000000070776fe00, 0x0000000707800000| 43%| O|  |TAMS 0x000000070776fe00, 0x0000000707700000| Untracked 
|  38|0x0000000707800000, 0x0000000707800000, 0x0000000707900000|  0%| F|  |TAMS 0x0000000707800000, 0x0000000707800000| Untracked 
|  39|0x0000000707900000, 0x0000000707900000, 0x0000000707a00000|  0%| F|  |TAMS 0x0000000707900000, 0x0000000707900000| Untracked 
|  40|0x0000000707a00000, 0x0000000707a00000, 0x0000000707b00000|  0%| F|  |TAMS 0x0000000707a00000, 0x0000000707a00000| Untracked 
|  41|0x0000000707b00000, 0x0000000707b00000, 0x0000000707c00000|  0%| F|  |TAMS 0x0000000707b00000, 0x0000000707b00000| Untracked 
|  42|0x0000000707c00000, 0x0000000707c00000, 0x0000000707d00000|  0%| F|  |TAMS 0x0000000707c00000, 0x0000000707c00000| Untracked 
|  43|0x0000000707d00000, 0x0000000707d00000, 0x0000000707e00000|  0%| F|  |TAMS 0x0000000707d00000, 0x0000000707d00000| Untracked 
|  44|0x0000000707e00000, 0x0000000707e00000, 0x0000000707f00000|  0%| F|  |TAMS 0x0000000707e00000, 0x0000000707e00000| Untracked 
|  45|0x0000000707f00000, 0x0000000707f00000, 0x0000000708000000|  0%| F|  |TAMS 0x0000000707f00000, 0x0000000707f00000| Untracked 
|  46|0x0000000708000000, 0x0000000708000000, 0x0000000708100000|  0%| F|  |TAMS 0x0000000708000000, 0x0000000708000000| Untracked 
|  47|0x0000000708100000, 0x0000000708100000, 0x0000000708200000|  0%| F|  |TAMS 0x0000000708100000, 0x0000000708100000| Untracked 
|  48|0x0000000708200000, 0x0000000708200000, 0x0000000708300000|  0%| F|  |TAMS 0x0000000708200000, 0x0000000708200000| Untracked 
|  49|0x0000000708300000, 0x0000000708300000, 0x0000000708400000|  0%| F|  |TAMS 0x0000000708300000, 0x0000000708300000| Untracked 
|  50|0x0000000708400000, 0x0000000708400000, 0x0000000708500000|  0%| F|  |TAMS 0x0000000708400000, 0x0000000708400000| Untracked 
|  51|0x0000000708500000, 0x0000000708500000, 0x0000000708600000|  0%| F|  |TAMS 0x0000000708500000, 0x0000000708500000| Untracked 
|  52|0x0000000708600000, 0x0000000708600000, 0x0000000708700000|  0%| F|  |TAMS 0x0000000708600000, 0x0000000708600000| Untracked 
|  53|0x0000000708700000, 0x0000000708700000, 0x0000000708800000|  0%| F|  |TAMS 0x0000000708700000, 0x0000000708700000| Untracked 
|  54|0x0000000708800000, 0x0000000708800000, 0x0000000708900000|  0%| F|  |TAMS 0x0000000708800000, 0x0000000708800000| Untracked 
|  55|0x0000000708900000, 0x0000000708900000, 0x0000000708a00000|  0%| F|  |TAMS 0x0000000708900000, 0x0000000708900000| Untracked 
|  56|0x0000000708a00000, 0x0000000708a00000, 0x0000000708b00000|  0%| F|  |TAMS 0x0000000708a00000, 0x0000000708a00000| Untracked 
|  57|0x0000000708b00000, 0x0000000708b00000, 0x0000000708c00000|  0%| F|  |TAMS 0x0000000708b00000, 0x0000000708b00000| Untracked 
|  58|0x0000000708c00000, 0x0000000708c00000, 0x0000000708d00000|  0%| F|  |TAMS 0x0000000708c00000, 0x0000000708c00000| Untracked 
|  59|0x0000000708d00000, 0x0000000708d00000, 0x0000000708e00000|  0%| F|  |TAMS 0x0000000708d00000, 0x0000000708d00000| Untracked 
|  60|0x0000000708e00000, 0x0000000708e00000, 0x0000000708f00000|  0%| F|  |TAMS 0x0000000708e00000, 0x0000000708e00000| Untracked 
|  61|0x0000000708f00000, 0x0000000708f00000, 0x0000000709000000|  0%| F|  |TAMS 0x0000000708f00000, 0x0000000708f00000| Untracked 
|  62|0x0000000709000000, 0x0000000709000000, 0x0000000709100000|  0%| F|  |TAMS 0x0000000709000000, 0x0000000709000000| Untracked 
|  63|0x0000000709100000, 0x0000000709100000, 0x0000000709200000|  0%| F|  |TAMS 0x0000000709100000, 0x0000000709100000| Untracked 
|  64|0x0000000709200000, 0x0000000709200000, 0x0000000709300000|  0%| F|  |TAMS 0x0000000709200000, 0x0000000709200000| Untracked 
|  65|0x0000000709300000, 0x0000000709300000, 0x0000000709400000|  0%| F|  |TAMS 0x0000000709300000, 0x0000000709300000| Untracked 
|  66|0x0000000709400000, 0x0000000709400000, 0x0000000709500000|  0%| F|  |TAMS 0x0000000709400000, 0x0000000709400000| Untracked 
|  67|0x0000000709500000, 0x0000000709500000, 0x0000000709600000|  0%| F|  |TAMS 0x0000000709500000, 0x0000000709500000| Untracked 
|  68|0x0000000709600000, 0x0000000709600000, 0x0000000709700000|  0%| F|  |TAMS 0x0000000709600000, 0x0000000709600000| Untracked 
|  69|0x0000000709700000, 0x0000000709700000, 0x0000000709800000|  0%| F|  |TAMS 0x0000000709700000, 0x0000000709700000| Untracked 
|  70|0x0000000709800000, 0x0000000709800000, 0x0000000709900000|  0%| F|  |TAMS 0x0000000709800000, 0x0000000709800000| Untracked 
|  71|0x0000000709900000, 0x0000000709900000, 0x0000000709a00000|  0%| F|  |TAMS 0x0000000709900000, 0x0000000709900000| Untracked 
|  72|0x0000000709a00000, 0x0000000709a00000, 0x0000000709b00000|  0%| F|  |TAMS 0x0000000709a00000, 0x0000000709a00000| Untracked 
|  73|0x0000000709b00000, 0x0000000709b00000, 0x0000000709c00000|  0%| F|  |TAMS 0x0000000709b00000, 0x0000000709b00000| Untracked 
|  74|0x0000000709c00000, 0x0000000709c00000, 0x0000000709d00000|  0%| F|  |TAMS 0x0000000709c00000, 0x0000000709c00000| Untracked 
|  75|0x0000000709d00000, 0x0000000709d00000, 0x0000000709e00000|  0%| F|  |TAMS 0x0000000709d00000, 0x0000000709d00000| Untracked 
|  76|0x0000000709e00000, 0x0000000709e00000, 0x0000000709f00000|  0%| F|  |TAMS 0x0000000709e00000, 0x0000000709e00000| Untracked 
|  77|0x0000000709f00000, 0x0000000709f00000, 0x000000070a000000|  0%| F|  |TAMS 0x0000000709f00000, 0x0000000709f00000| Untracked 
|  78|0x000000070a000000, 0x000000070a000000, 0x000000070a100000|  0%| F|  |TAMS 0x000000070a000000, 0x000000070a000000| Untracked 
|  79|0x000000070a100000, 0x000000070a100000, 0x000000070a200000|  0%| F|  |TAMS 0x000000070a100000, 0x000000070a100000| Untracked 
|  80|0x000000070a200000, 0x000000070a200000, 0x000000070a300000|  0%| F|  |TAMS 0x000000070a200000, 0x000000070a200000| Untracked 
|  81|0x000000070a300000, 0x000000070a300000, 0x000000070a400000|  0%| F|  |TAMS 0x000000070a300000, 0x000000070a300000| Untracked 
|  82|0x000000070a400000, 0x000000070a400000, 0x000000070a500000|  0%| F|  |TAMS 0x000000070a400000, 0x000000070a400000| Untracked 
|  83|0x000000070a500000, 0x000000070a500000, 0x000000070a600000|  0%| F|  |TAMS 0x000000070a500000, 0x000000070a500000| Untracked 
|  84|0x000000070a600000, 0x000000070a600000, 0x000000070a700000|  0%| F|  |TAMS 0x000000070a600000, 0x000000070a600000| Untracked 
|  85|0x000000070a700000, 0x000000070a700000, 0x000000070a800000|  0%| F|  |TAMS 0x000000070a700000, 0x000000070a700000| Untracked 
|  86|0x000000070a800000, 0x000000070a800000, 0x000000070a900000|  0%| F|  |TAMS 0x000000070a800000, 0x000000070a800000| Untracked 
|  87|0x000000070a900000, 0x000000070a900000, 0x000000070aa00000|  0%| F|  |TAMS 0x000000070a900000, 0x000000070a900000| Untracked 
|  88|0x000000070aa00000, 0x000000070aa00000, 0x000000070ab00000|  0%| F|  |TAMS 0x000000070aa00000, 0x000000070aa00000| Untracked 
|  89|0x000000070ab00000, 0x000000070ab00000, 0x000000070ac00000|  0%| F|  |TAMS 0x000000070ab00000, 0x000000070ab00000| Untracked 
|  90|0x000000070ac00000, 0x000000070ac00000, 0x000000070ad00000|  0%| F|  |TAMS 0x000000070ac00000, 0x000000070ac00000| Untracked 
|  91|0x000000070ad00000, 0x000000070ad00000, 0x000000070ae00000|  0%| F|  |TAMS 0x000000070ad00000, 0x000000070ad00000| Untracked 
|  92|0x000000070ae00000, 0x000000070ae00000, 0x000000070af00000|  0%| F|  |TAMS 0x000000070ae00000, 0x000000070ae00000| Untracked 
|  93|0x000000070af00000, 0x000000070af00000, 0x000000070b000000|  0%| F|  |TAMS 0x000000070af00000, 0x000000070af00000| Untracked 
|  94|0x000000070b000000, 0x000000070b000000, 0x000000070b100000|  0%| F|  |TAMS 0x000000070b000000, 0x000000070b000000| Untracked 
|  95|0x000000070b100000, 0x000000070b100000, 0x000000070b200000|  0%| F|  |TAMS 0x000000070b100000, 0x000000070b100000| Untracked 
|  96|0x000000070b200000, 0x000000070b200000, 0x000000070b300000|  0%| F|  |TAMS 0x000000070b200000, 0x000000070b200000| Untracked 
|  97|0x000000070b300000, 0x000000070b300000, 0x000000070b400000|  0%| F|  |TAMS 0x000000070b300000, 0x000000070b300000| Untracked 
|  98|0x000000070b400000, 0x000000070b400000, 0x000000070b500000|  0%| F|  |TAMS 0x000000070b400000, 0x000000070b400000| Untracked 
|  99|0x000000070b500000, 0x000000070b500000, 0x000000070b600000|  0%| F|  |TAMS 0x000000070b500000, 0x000000070b500000| Untracked 
| 100|0x000000070b600000, 0x000000070b600000, 0x000000070b700000|  0%| F|  |TAMS 0x000000070b600000, 0x000000070b600000| Untracked 
| 101|0x000000070b700000, 0x000000070b700000, 0x000000070b800000|  0%| F|  |TAMS 0x000000070b700000, 0x000000070b700000| Untracked 
| 102|0x000000070b800000, 0x000000070b800000, 0x000000070b900000|  0%| F|  |TAMS 0x000000070b800000, 0x000000070b800000| Untracked 
| 103|0x000000070b900000, 0x000000070b900000, 0x000000070ba00000|  0%| F|  |TAMS 0x000000070b900000, 0x000000070b900000| Untracked 
| 104|0x000000070ba00000, 0x000000070ba00000, 0x000000070bb00000|  0%| F|  |TAMS 0x000000070ba00000, 0x000000070ba00000| Untracked 
| 105|0x000000070bb00000, 0x000000070bb00000, 0x000000070bc00000|  0%| F|  |TAMS 0x000000070bb00000, 0x000000070bb00000| Untracked 
| 106|0x000000070bc00000, 0x000000070bc00000, 0x000000070bd00000|  0%| F|  |TAMS 0x000000070bc00000, 0x000000070bc00000| Untracked 
| 107|0x000000070bd00000, 0x000000070bd00000, 0x000000070be00000|  0%| F|  |TAMS 0x000000070bd00000, 0x000000070bd00000| Untracked 
| 108|0x000000070be00000, 0x000000070be00000, 0x000000070bf00000|  0%| F|  |TAMS 0x000000070be00000, 0x000000070be00000| Untracked 
| 109|0x000000070bf00000, 0x000000070bf00000, 0x000000070c000000|  0%| F|  |TAMS 0x000000070bf00000, 0x000000070bf00000| Untracked 
| 110|0x000000070c000000, 0x000000070c000000, 0x000000070c100000|  0%| F|  |TAMS 0x000000070c000000, 0x000000070c000000| Untracked 
| 111|0x000000070c100000, 0x000000070c100000, 0x000000070c200000|  0%| F|  |TAMS 0x000000070c100000, 0x000000070c100000| Untracked 
| 112|0x000000070c200000, 0x000000070c200000, 0x000000070c300000|  0%| F|  |TAMS 0x000000070c200000, 0x000000070c200000| Untracked 
| 113|0x000000070c300000, 0x000000070c300000, 0x000000070c400000|  0%| F|  |TAMS 0x000000070c300000, 0x000000070c300000| Untracked 
| 114|0x000000070c400000, 0x000000070c400000, 0x000000070c500000|  0%| F|  |TAMS 0x000000070c400000, 0x000000070c400000| Untracked 
| 115|0x000000070c500000, 0x000000070c500000, 0x000000070c600000|  0%| F|  |TAMS 0x000000070c500000, 0x000000070c500000| Untracked 
| 116|0x000000070c600000, 0x000000070c600000, 0x000000070c700000|  0%| F|  |TAMS 0x000000070c600000, 0x000000070c600000| Untracked 
| 117|0x000000070c700000, 0x000000070c700000, 0x000000070c800000|  0%| F|  |TAMS 0x000000070c700000, 0x000000070c700000| Untracked 
| 118|0x000000070c800000, 0x000000070c800000, 0x000000070c900000|  0%| F|  |TAMS 0x000000070c800000, 0x000000070c800000| Untracked 
| 119|0x000000070c900000, 0x000000070c900000, 0x000000070ca00000|  0%| F|  |TAMS 0x000000070c900000, 0x000000070c900000| Untracked 
| 120|0x000000070ca00000, 0x000000070ca00000, 0x000000070cb00000|  0%| F|  |TAMS 0x000000070ca00000, 0x000000070ca00000| Untracked 
| 121|0x000000070cb00000, 0x000000070cb00000, 0x000000070cc00000|  0%| F|  |TAMS 0x000000070cb00000, 0x000000070cb00000| Untracked 
| 122|0x000000070cc00000, 0x000000070cc00000, 0x000000070cd00000|  0%| F|  |TAMS 0x000000070cc00000, 0x000000070cc00000| Untracked 
| 123|0x000000070cd00000, 0x000000070cd00000, 0x000000070ce00000|  0%| F|  |TAMS 0x000000070cd00000, 0x000000070cd00000| Untracked 
| 124|0x000000070ce00000, 0x000000070ce00000, 0x000000070cf00000|  0%| F|  |TAMS 0x000000070ce00000, 0x000000070ce00000| Untracked 
| 125|0x000000070cf00000, 0x000000070cf00000, 0x000000070d000000|  0%| F|  |TAMS 0x000000070cf00000, 0x000000070cf00000| Untracked 
| 126|0x000000070d000000, 0x000000070d000000, 0x000000070d100000|  0%| F|  |TAMS 0x000000070d000000, 0x000000070d000000| Untracked 
| 127|0x000000070d100000, 0x000000070d100000, 0x000000070d200000|  0%| F|  |TAMS 0x000000070d100000, 0x000000070d100000| Untracked 
| 128|0x000000070d200000, 0x000000070d200000, 0x000000070d300000|  0%| F|  |TAMS 0x000000070d200000, 0x000000070d200000| Untracked 
| 129|0x000000070d300000, 0x000000070d300000, 0x000000070d400000|  0%| F|  |TAMS 0x000000070d300000, 0x000000070d300000| Untracked 
| 130|0x000000070d400000, 0x000000070d400000, 0x000000070d500000|  0%| F|  |TAMS 0x000000070d400000, 0x000000070d400000| Untracked 
| 131|0x000000070d500000, 0x000000070d500000, 0x000000070d600000|  0%| F|  |TAMS 0x000000070d500000, 0x000000070d500000| Untracked 
| 132|0x000000070d600000, 0x000000070d600000, 0x000000070d700000|  0%| F|  |TAMS 0x000000070d600000, 0x000000070d600000| Untracked 
| 133|0x000000070d700000, 0x000000070d700000, 0x000000070d800000|  0%| F|  |TAMS 0x000000070d700000, 0x000000070d700000| Untracked 
| 134|0x000000070d800000, 0x000000070d800000, 0x000000070d900000|  0%| F|  |TAMS 0x000000070d800000, 0x000000070d800000| Untracked 
| 135|0x000000070d900000, 0x000000070d900000, 0x000000070da00000|  0%| F|  |TAMS 0x000000070d900000, 0x000000070d900000| Untracked 
| 136|0x000000070da00000, 0x000000070da00000, 0x000000070db00000|  0%| F|  |TAMS 0x000000070da00000, 0x000000070da00000| Untracked 
| 137|0x000000070db00000, 0x000000070db5aad8, 0x000000070dc00000| 35%| S|CS|TAMS 0x000000070db00000, 0x000000070db00000| Complete 
| 138|0x000000070dc00000, 0x000000070dd00000, 0x000000070dd00000|100%| S|CS|TAMS 0x000000070dc00000, 0x000000070dc00000| Complete 
| 139|0x000000070dd00000, 0x000000070de00000, 0x000000070de00000|100%| S|CS|TAMS 0x000000070dd00000, 0x000000070dd00000| Complete 
| 140|0x000000070de00000, 0x000000070df00000, 0x000000070df00000|100%| S|CS|TAMS 0x000000070de00000, 0x000000070de00000| Complete 
| 141|0x000000070df00000, 0x000000070e000000, 0x000000070e000000|100%| S|CS|TAMS 0x000000070df00000, 0x000000070df00000| Complete 
| 142|0x000000070e000000, 0x000000070e100000, 0x000000070e100000|100%| S|CS|TAMS 0x000000070e000000, 0x000000070e000000| Complete 
| 143|0x000000070e100000, 0x000000070e200000, 0x000000070e200000|100%| S|CS|TAMS 0x000000070e100000, 0x000000070e100000| Complete 
| 144|0x000000070e200000, 0x000000070e300000, 0x000000070e300000|100%| S|CS|TAMS 0x000000070e200000, 0x000000070e200000| Complete 
| 145|0x000000070e300000, 0x000000070e400000, 0x000000070e400000|100%| S|CS|TAMS 0x000000070e300000, 0x000000070e300000| Complete 
| 146|0x000000070e400000, 0x000000070e400000, 0x000000070e500000|  0%| F|  |TAMS 0x000000070e400000, 0x000000070e400000| Untracked 
| 147|0x000000070e500000, 0x000000070e500000, 0x000000070e600000|  0%| F|  |TAMS 0x000000070e500000, 0x000000070e500000| Untracked 
| 148|0x000000070e600000, 0x000000070e600000, 0x000000070e700000|  0%| F|  |TAMS 0x000000070e600000, 0x000000070e600000| Untracked 
| 149|0x000000070e700000, 0x000000070e700000, 0x000000070e800000|  0%| F|  |TAMS 0x000000070e700000, 0x000000070e700000| Untracked 
| 150|0x000000070e800000, 0x000000070e800000, 0x000000070e900000|  0%| F|  |TAMS 0x000000070e800000, 0x000000070e800000| Untracked 
| 151|0x000000070e900000, 0x000000070e900000, 0x000000070ea00000|  0%| F|  |TAMS 0x000000070e900000, 0x000000070e900000| Untracked 
| 152|0x000000070ea00000, 0x000000070ea00000, 0x000000070eb00000|  0%| F|  |TAMS 0x000000070ea00000, 0x000000070ea00000| Untracked 
| 153|0x000000070eb00000, 0x000000070eb00000, 0x000000070ec00000|  0%| F|  |TAMS 0x000000070eb00000, 0x000000070eb00000| Untracked 
| 154|0x000000070ec00000, 0x000000070ec00000, 0x000000070ed00000|  0%| F|  |TAMS 0x000000070ec00000, 0x000000070ec00000| Untracked 
| 155|0x000000070ed00000, 0x000000070ed00000, 0x000000070ee00000|  0%| F|  |TAMS 0x000000070ed00000, 0x000000070ed00000| Untracked 
| 156|0x000000070ee00000, 0x000000070ee00000, 0x000000070ef00000|  0%| F|  |TAMS 0x000000070ee00000, 0x000000070ee00000| Untracked 
| 157|0x000000070ef00000, 0x000000070ef00000, 0x000000070f000000|  0%| F|  |TAMS 0x000000070ef00000, 0x000000070ef00000| Untracked 
| 158|0x000000070f000000, 0x000000070f100000, 0x000000070f100000|100%| S|CS|TAMS 0x000000070f000000, 0x000000070f000000| Complete 
| 159|0x000000070f100000, 0x000000070f200000, 0x000000070f200000|100%| S|CS|TAMS 0x000000070f100000, 0x000000070f100000| Complete 
| 160|0x000000070f200000, 0x000000070f200000, 0x000000070f300000|  0%| F|  |TAMS 0x000000070f200000, 0x000000070f200000| Untracked 
| 161|0x000000070f300000, 0x000000070f300000, 0x000000070f400000|  0%| F|  |TAMS 0x000000070f300000, 0x000000070f300000| Untracked 
| 162|0x000000070f400000, 0x000000070f400000, 0x000000070f500000|  0%| F|  |TAMS 0x000000070f400000, 0x000000070f400000| Untracked 
| 163|0x000000070f500000, 0x000000070f500000, 0x000000070f600000|  0%| F|  |TAMS 0x000000070f500000, 0x000000070f500000| Untracked 
| 164|0x000000070f600000, 0x000000070f600000, 0x000000070f700000|  0%| F|  |TAMS 0x000000070f600000, 0x000000070f600000| Untracked 
| 165|0x000000070f700000, 0x000000070f700000, 0x000000070f800000|  0%| F|  |TAMS 0x000000070f700000, 0x000000070f700000| Untracked 
| 166|0x000000070f800000, 0x000000070f800000, 0x000000070f900000|  0%| F|  |TAMS 0x000000070f800000, 0x000000070f800000| Untracked 
| 167|0x000000070f900000, 0x000000070f900000, 0x000000070fa00000|  0%| F|  |TAMS 0x000000070f900000, 0x000000070f900000| Untracked 
| 168|0x000000070fa00000, 0x000000070fa00000, 0x000000070fb00000|  0%| F|  |TAMS 0x000000070fa00000, 0x000000070fa00000| Untracked 
| 169|0x000000070fb00000, 0x000000070fb00000, 0x000000070fc00000|  0%| F|  |TAMS 0x000000070fb00000, 0x000000070fb00000| Untracked 
| 170|0x000000070fc00000, 0x000000070fc00000, 0x000000070fd00000|  0%| F|  |TAMS 0x000000070fc00000, 0x000000070fc00000| Untracked 
| 171|0x000000070fd00000, 0x000000070fd00000, 0x000000070fe00000|  0%| F|  |TAMS 0x000000070fd00000, 0x000000070fd00000| Untracked 
| 172|0x000000070fe00000, 0x000000070fe00000, 0x000000070ff00000|  0%| F|  |TAMS 0x000000070fe00000, 0x000000070fe00000| Untracked 
| 173|0x000000070ff00000, 0x000000070ff00000, 0x0000000710000000|  0%| F|  |TAMS 0x000000070ff00000, 0x000000070ff00000| Untracked 
| 174|0x0000000710000000, 0x0000000710000000, 0x0000000710100000|  0%| F|  |TAMS 0x0000000710000000, 0x0000000710000000| Untracked 
| 175|0x0000000710100000, 0x0000000710100000, 0x0000000710200000|  0%| F|  |TAMS 0x0000000710100000, 0x0000000710100000| Untracked 
| 176|0x0000000710200000, 0x0000000710200000, 0x0000000710300000|  0%| F|  |TAMS 0x0000000710200000, 0x0000000710200000| Untracked 
| 177|0x0000000710300000, 0x0000000710300000, 0x0000000710400000|  0%| F|  |TAMS 0x0000000710300000, 0x0000000710300000| Untracked 
| 178|0x0000000710400000, 0x0000000710400000, 0x0000000710500000|  0%| F|  |TAMS 0x0000000710400000, 0x0000000710400000| Untracked 
| 179|0x0000000710500000, 0x0000000710500000, 0x0000000710600000|  0%| F|  |TAMS 0x0000000710500000, 0x0000000710500000| Untracked 
| 180|0x0000000710600000, 0x0000000710600000, 0x0000000710700000|  0%| F|  |TAMS 0x0000000710600000, 0x0000000710600000| Untracked 
| 181|0x0000000710700000, 0x0000000710700000, 0x0000000710800000|  0%| F|  |TAMS 0x0000000710700000, 0x0000000710700000| Untracked 
| 182|0x0000000710800000, 0x0000000710800000, 0x0000000710900000|  0%| F|  |TAMS 0x0000000710800000, 0x0000000710800000| Untracked 
| 183|0x0000000710900000, 0x0000000710900000, 0x0000000710a00000|  0%| F|  |TAMS 0x0000000710900000, 0x0000000710900000| Untracked 
| 184|0x0000000710a00000, 0x0000000710a00000, 0x0000000710b00000|  0%| F|  |TAMS 0x0000000710a00000, 0x0000000710a00000| Untracked 
| 185|0x0000000710b00000, 0x0000000710b00000, 0x0000000710c00000|  0%| F|  |TAMS 0x0000000710b00000, 0x0000000710b00000| Untracked 
| 186|0x0000000710c00000, 0x0000000710c00000, 0x0000000710d00000|  0%| F|  |TAMS 0x0000000710c00000, 0x0000000710c00000| Untracked 
| 187|0x0000000710d00000, 0x0000000710d00000, 0x0000000710e00000|  0%| F|  |TAMS 0x0000000710d00000, 0x0000000710d00000| Untracked 
| 188|0x0000000710e00000, 0x0000000710e00000, 0x0000000710f00000|  0%| F|  |TAMS 0x0000000710e00000, 0x0000000710e00000| Untracked 
| 189|0x0000000710f00000, 0x0000000710f00000, 0x0000000711000000|  0%| F|  |TAMS 0x0000000710f00000, 0x0000000710f00000| Untracked 
| 190|0x0000000711000000, 0x0000000711000000, 0x0000000711100000|  0%| F|  |TAMS 0x0000000711000000, 0x0000000711000000| Untracked 
| 191|0x0000000711100000, 0x0000000711100000, 0x0000000711200000|  0%| F|  |TAMS 0x0000000711100000, 0x0000000711100000| Untracked 
| 192|0x0000000711200000, 0x0000000711200000, 0x0000000711300000|  0%| F|  |TAMS 0x0000000711200000, 0x0000000711200000| Untracked 
| 193|0x0000000711300000, 0x0000000711300000, 0x0000000711400000|  0%| F|  |TAMS 0x0000000711300000, 0x0000000711300000| Untracked 
| 194|0x0000000711400000, 0x0000000711400000, 0x0000000711500000|  0%| F|  |TAMS 0x0000000711400000, 0x0000000711400000| Untracked 
| 195|0x0000000711500000, 0x0000000711500000, 0x0000000711600000|  0%| F|  |TAMS 0x0000000711500000, 0x0000000711500000| Untracked 
| 196|0x0000000711600000, 0x0000000711600000, 0x0000000711700000|  0%| F|  |TAMS 0x0000000711600000, 0x0000000711600000| Untracked 
| 197|0x0000000711700000, 0x0000000711700000, 0x0000000711800000|  0%| F|  |TAMS 0x0000000711700000, 0x0000000711700000| Untracked 
| 198|0x0000000711800000, 0x0000000711800000, 0x0000000711900000|  0%| F|  |TAMS 0x0000000711800000, 0x0000000711800000| Untracked 
| 199|0x0000000711900000, 0x0000000711900000, 0x0000000711a00000|  0%| F|  |TAMS 0x0000000711900000, 0x0000000711900000| Untracked 
| 200|0x0000000711a00000, 0x0000000711a00000, 0x0000000711b00000|  0%| F|  |TAMS 0x0000000711a00000, 0x0000000711a00000| Untracked 
| 201|0x0000000711b00000, 0x0000000711b00000, 0x0000000711c00000|  0%| F|  |TAMS 0x0000000711b00000, 0x0000000711b00000| Untracked 
| 202|0x0000000711c00000, 0x0000000711c00000, 0x0000000711d00000|  0%| F|  |TAMS 0x0000000711c00000, 0x0000000711c00000| Untracked 
| 203|0x0000000711d00000, 0x0000000711d00000, 0x0000000711e00000|  0%| F|  |TAMS 0x0000000711d00000, 0x0000000711d00000| Untracked 
| 204|0x0000000711e00000, 0x0000000711e00000, 0x0000000711f00000|  0%| F|  |TAMS 0x0000000711e00000, 0x0000000711e00000| Untracked 
| 205|0x0000000711f00000, 0x0000000711f00000, 0x0000000712000000|  0%| F|  |TAMS 0x0000000711f00000, 0x0000000711f00000| Untracked 
| 206|0x0000000712000000, 0x0000000712000000, 0x0000000712100000|  0%| F|  |TAMS 0x0000000712000000, 0x0000000712000000| Untracked 
| 207|0x0000000712100000, 0x0000000712100000, 0x0000000712200000|  0%| F|  |TAMS 0x0000000712100000, 0x0000000712100000| Untracked 
| 208|0x0000000712200000, 0x0000000712200000, 0x0000000712300000|  0%| F|  |TAMS 0x0000000712200000, 0x0000000712200000| Untracked 
| 209|0x0000000712300000, 0x0000000712300000, 0x0000000712400000|  0%| F|  |TAMS 0x0000000712300000, 0x0000000712300000| Untracked 
| 210|0x0000000712400000, 0x0000000712400000, 0x0000000712500000|  0%| F|  |TAMS 0x0000000712400000, 0x0000000712400000| Untracked 
| 211|0x0000000712500000, 0x0000000712500000, 0x0000000712600000|  0%| F|  |TAMS 0x0000000712500000, 0x0000000712500000| Untracked 
| 212|0x0000000712600000, 0x0000000712600000, 0x0000000712700000|  0%| F|  |TAMS 0x0000000712600000, 0x0000000712600000| Untracked 
| 213|0x0000000712700000, 0x0000000712700000, 0x0000000712800000|  0%| F|  |TAMS 0x0000000712700000, 0x0000000712700000| Untracked 
| 214|0x0000000712800000, 0x0000000712800000, 0x0000000712900000|  0%| F|  |TAMS 0x0000000712800000, 0x0000000712800000| Untracked 
| 215|0x0000000712900000, 0x0000000712900000, 0x0000000712a00000|  0%| F|  |TAMS 0x0000000712900000, 0x0000000712900000| Untracked 
| 216|0x0000000712a00000, 0x0000000712a00000, 0x0000000712b00000|  0%| F|  |TAMS 0x0000000712a00000, 0x0000000712a00000| Untracked 
| 217|0x0000000712b00000, 0x0000000712b00000, 0x0000000712c00000|  0%| F|  |TAMS 0x0000000712b00000, 0x0000000712b00000| Untracked 
| 218|0x0000000712c00000, 0x0000000712c00000, 0x0000000712d00000|  0%| F|  |TAMS 0x0000000712c00000, 0x0000000712c00000| Untracked 
| 219|0x0000000712d00000, 0x0000000712d00000, 0x0000000712e00000|  0%| F|  |TAMS 0x0000000712d00000, 0x0000000712d00000| Untracked 
| 220|0x0000000712e00000, 0x0000000712e00000, 0x0000000712f00000|  0%| F|  |TAMS 0x0000000712e00000, 0x0000000712e00000| Untracked 
| 221|0x0000000712f00000, 0x0000000712f00000, 0x0000000713000000|  0%| F|  |TAMS 0x0000000712f00000, 0x0000000712f00000| Untracked 
| 222|0x0000000713000000, 0x0000000713000000, 0x0000000713100000|  0%| F|  |TAMS 0x0000000713000000, 0x0000000713000000| Untracked 
| 223|0x0000000713100000, 0x0000000713100000, 0x0000000713200000|  0%| F|  |TAMS 0x0000000713100000, 0x0000000713100000| Untracked 
| 224|0x0000000713200000, 0x0000000713200000, 0x0000000713300000|  0%| F|  |TAMS 0x0000000713200000, 0x0000000713200000| Untracked 
| 225|0x0000000713300000, 0x0000000713300000, 0x0000000713400000|  0%| F|  |TAMS 0x0000000713300000, 0x0000000713300000| Untracked 
| 226|0x0000000713400000, 0x0000000713400000, 0x0000000713500000|  0%| F|  |TAMS 0x0000000713400000, 0x0000000713400000| Untracked 
| 227|0x0000000713500000, 0x0000000713500000, 0x0000000713600000|  0%| F|  |TAMS 0x0000000713500000, 0x0000000713500000| Untracked 
| 228|0x0000000713600000, 0x0000000713600000, 0x0000000713700000|  0%| F|  |TAMS 0x0000000713600000, 0x0000000713600000| Untracked 
| 229|0x0000000713700000, 0x0000000713781c10, 0x0000000713800000| 50%| E|  |TAMS 0x0000000713700000, 0x0000000713700000| Complete 
| 230|0x0000000713800000, 0x0000000713900000, 0x0000000713900000|100%| E|CS|TAMS 0x0000000713800000, 0x0000000713800000| Complete 
| 231|0x0000000713900000, 0x0000000713a00000, 0x0000000713a00000|100%| E|CS|TAMS 0x0000000713900000, 0x0000000713900000| Complete 
| 232|0x0000000713a00000, 0x0000000713b00000, 0x0000000713b00000|100%| E|CS|TAMS 0x0000000713a00000, 0x0000000713a00000| Complete 
| 233|0x0000000713b00000, 0x0000000713c00000, 0x0000000713c00000|100%| E|CS|TAMS 0x0000000713b00000, 0x0000000713b00000| Complete 
| 234|0x0000000713c00000, 0x0000000713d00000, 0x0000000713d00000|100%| E|CS|TAMS 0x0000000713c00000, 0x0000000713c00000| Complete 
| 235|0x0000000713d00000, 0x0000000713e00000, 0x0000000713e00000|100%| E|CS|TAMS 0x0000000713d00000, 0x0000000713d00000| Complete 
| 236|0x0000000713e00000, 0x0000000713f00000, 0x0000000713f00000|100%| E|CS|TAMS 0x0000000713e00000, 0x0000000713e00000| Complete 
| 237|0x0000000713f00000, 0x0000000714000000, 0x0000000714000000|100%| E|CS|TAMS 0x0000000713f00000, 0x0000000713f00000| Complete 
| 238|0x0000000714000000, 0x0000000714100000, 0x0000000714100000|100%| E|CS|TAMS 0x0000000714000000, 0x0000000714000000| Complete 
| 239|0x0000000714100000, 0x0000000714200000, 0x0000000714200000|100%| E|CS|TAMS 0x0000000714100000, 0x0000000714100000| Complete 
| 240|0x0000000714200000, 0x0000000714300000, 0x0000000714300000|100%| E|CS|TAMS 0x0000000714200000, 0x0000000714200000| Complete 
| 241|0x0000000714300000, 0x0000000714400000, 0x0000000714400000|100%| E|CS|TAMS 0x0000000714300000, 0x0000000714300000| Complete 
| 242|0x0000000714400000, 0x0000000714500000, 0x0000000714500000|100%| E|CS|TAMS 0x0000000714400000, 0x0000000714400000| Complete 
| 243|0x0000000714500000, 0x0000000714600000, 0x0000000714600000|100%| E|CS|TAMS 0x0000000714500000, 0x0000000714500000| Complete 
| 244|0x0000000714600000, 0x0000000714700000, 0x0000000714700000|100%| E|CS|TAMS 0x0000000714600000, 0x0000000714600000| Complete 
| 245|0x0000000714700000, 0x0000000714800000, 0x0000000714800000|100%| E|CS|TAMS 0x0000000714700000, 0x0000000714700000| Complete 
| 246|0x0000000714800000, 0x0000000714900000, 0x0000000714900000|100%| E|CS|TAMS 0x0000000714800000, 0x0000000714800000| Complete 
| 247|0x0000000714900000, 0x0000000714a00000, 0x0000000714a00000|100%| E|CS|TAMS 0x0000000714900000, 0x0000000714900000| Complete 
| 248|0x0000000714a00000, 0x0000000714b00000, 0x0000000714b00000|100%| E|CS|TAMS 0x0000000714a00000, 0x0000000714a00000| Complete 
| 249|0x0000000714b00000, 0x0000000714c00000, 0x0000000714c00000|100%| E|CS|TAMS 0x0000000714b00000, 0x0000000714b00000| Complete 
| 250|0x0000000714c00000, 0x0000000714d00000, 0x0000000714d00000|100%| E|CS|TAMS 0x0000000714c00000, 0x0000000714c00000| Complete 
| 251|0x0000000714d00000, 0x0000000714e00000, 0x0000000714e00000|100%| E|CS|TAMS 0x0000000714d00000, 0x0000000714d00000| Complete 
| 252|0x0000000714e00000, 0x0000000714f00000, 0x0000000714f00000|100%| E|CS|TAMS 0x0000000714e00000, 0x0000000714e00000| Complete 
| 253|0x0000000714f00000, 0x0000000715000000, 0x0000000715000000|100%| E|CS|TAMS 0x0000000714f00000, 0x0000000714f00000| Complete 
| 254|0x0000000715000000, 0x0000000715100000, 0x0000000715100000|100%| E|CS|TAMS 0x0000000715000000, 0x0000000715000000| Complete 
| 255|0x0000000715100000, 0x0000000715200000, 0x0000000715200000|100%| E|CS|TAMS 0x0000000715100000, 0x0000000715100000| Complete 
| 256|0x0000000715200000, 0x0000000715300000, 0x0000000715300000|100%| E|CS|TAMS 0x0000000715200000, 0x0000000715200000| Complete 
| 257|0x0000000715300000, 0x0000000715400000, 0x0000000715400000|100%| E|CS|TAMS 0x0000000715300000, 0x0000000715300000| Complete 
| 258|0x0000000715400000, 0x0000000715500000, 0x0000000715500000|100%| E|CS|TAMS 0x0000000715400000, 0x0000000715400000| Complete 
| 259|0x0000000715500000, 0x0000000715600000, 0x0000000715600000|100%| E|CS|TAMS 0x0000000715500000, 0x0000000715500000| Complete 
| 260|0x0000000715600000, 0x0000000715700000, 0x0000000715700000|100%| E|CS|TAMS 0x0000000715600000, 0x0000000715600000| Complete 
| 261|0x0000000715700000, 0x0000000715800000, 0x0000000715800000|100%| E|CS|TAMS 0x0000000715700000, 0x0000000715700000| Complete 
| 262|0x0000000715800000, 0x0000000715900000, 0x0000000715900000|100%| E|CS|TAMS 0x0000000715800000, 0x0000000715800000| Complete 
| 263|0x0000000715900000, 0x0000000715a00000, 0x0000000715a00000|100%| E|CS|TAMS 0x0000000715900000, 0x0000000715900000| Complete 
| 264|0x0000000715a00000, 0x0000000715b00000, 0x0000000715b00000|100%| E|CS|TAMS 0x0000000715a00000, 0x0000000715a00000| Complete 
| 265|0x0000000715b00000, 0x0000000715c00000, 0x0000000715c00000|100%| E|CS|TAMS 0x0000000715b00000, 0x0000000715b00000| Complete 
| 266|0x0000000715c00000, 0x0000000715d00000, 0x0000000715d00000|100%| E|CS|TAMS 0x0000000715c00000, 0x0000000715c00000| Complete 
| 267|0x0000000715d00000, 0x0000000715e00000, 0x0000000715e00000|100%| E|CS|TAMS 0x0000000715d00000, 0x0000000715d00000| Complete 
| 268|0x0000000715e00000, 0x0000000715f00000, 0x0000000715f00000|100%| E|CS|TAMS 0x0000000715e00000, 0x0000000715e00000| Complete 
| 269|0x0000000715f00000, 0x0000000716000000, 0x0000000716000000|100%| E|CS|TAMS 0x0000000715f00000, 0x0000000715f00000| Complete 
| 270|0x0000000716000000, 0x0000000716100000, 0x0000000716100000|100%| E|CS|TAMS 0x0000000716000000, 0x0000000716000000| Complete 
| 271|0x0000000716100000, 0x0000000716200000, 0x0000000716200000|100%| E|CS|TAMS 0x0000000716100000, 0x0000000716100000| Complete 
| 272|0x0000000716200000, 0x0000000716300000, 0x0000000716300000|100%| E|CS|TAMS 0x0000000716200000, 0x0000000716200000| Complete 
| 273|0x0000000716300000, 0x0000000716400000, 0x0000000716400000|100%| E|CS|TAMS 0x0000000716300000, 0x0000000716300000| Complete 
| 274|0x0000000716400000, 0x0000000716500000, 0x0000000716500000|100%| E|CS|TAMS 0x0000000716400000, 0x0000000716400000| Complete 
| 275|0x0000000716500000, 0x0000000716600000, 0x0000000716600000|100%| E|CS|TAMS 0x0000000716500000, 0x0000000716500000| Complete 
| 276|0x0000000716600000, 0x0000000716700000, 0x0000000716700000|100%| E|CS|TAMS 0x0000000716600000, 0x0000000716600000| Complete 
| 277|0x0000000716700000, 0x0000000716800000, 0x0000000716800000|100%| E|CS|TAMS 0x0000000716700000, 0x0000000716700000| Complete 
| 278|0x0000000716800000, 0x0000000716900000, 0x0000000716900000|100%| E|CS|TAMS 0x0000000716800000, 0x0000000716800000| Complete 
| 279|0x0000000716900000, 0x0000000716a00000, 0x0000000716a00000|100%| E|CS|TAMS 0x0000000716900000, 0x0000000716900000| Complete 
| 280|0x0000000716a00000, 0x0000000716b00000, 0x0000000716b00000|100%| E|CS|TAMS 0x0000000716a00000, 0x0000000716a00000| Complete 
| 281|0x0000000716b00000, 0x0000000716c00000, 0x0000000716c00000|100%| E|CS|TAMS 0x0000000716b00000, 0x0000000716b00000| Complete 
| 282|0x0000000716c00000, 0x0000000716d00000, 0x0000000716d00000|100%| E|CS|TAMS 0x0000000716c00000, 0x0000000716c00000| Complete 
| 283|0x0000000716d00000, 0x0000000716e00000, 0x0000000716e00000|100%| E|CS|TAMS 0x0000000716d00000, 0x0000000716d00000| Complete 
| 284|0x0000000716e00000, 0x0000000716f00000, 0x0000000716f00000|100%| E|CS|TAMS 0x0000000716e00000, 0x0000000716e00000| Complete 
| 285|0x0000000716f00000, 0x0000000717000000, 0x0000000717000000|100%| E|CS|TAMS 0x0000000716f00000, 0x0000000716f00000| Complete 
| 286|0x0000000717000000, 0x0000000717100000, 0x0000000717100000|100%| E|CS|TAMS 0x0000000717000000, 0x0000000717000000| Complete 
| 287|0x0000000717100000, 0x0000000717200000, 0x0000000717200000|100%| E|CS|TAMS 0x0000000717100000, 0x0000000717100000| Complete 
| 288|0x0000000717200000, 0x0000000717300000, 0x0000000717300000|100%| E|CS|TAMS 0x0000000717200000, 0x0000000717200000| Complete 
| 289|0x0000000717300000, 0x0000000717400000, 0x0000000717400000|100%| E|CS|TAMS 0x0000000717300000, 0x0000000717300000| Complete 
| 290|0x0000000717400000, 0x0000000717500000, 0x0000000717500000|100%| E|CS|TAMS 0x0000000717400000, 0x0000000717400000| Complete 
| 291|0x0000000717500000, 0x0000000717600000, 0x0000000717600000|100%| E|CS|TAMS 0x0000000717500000, 0x0000000717500000| Complete 
| 292|0x0000000717600000, 0x0000000717700000, 0x0000000717700000|100%| E|CS|TAMS 0x0000000717600000, 0x0000000717600000| Complete 
| 293|0x0000000717700000, 0x0000000717800000, 0x0000000717800000|100%| E|CS|TAMS 0x0000000717700000, 0x0000000717700000| Complete 
| 294|0x0000000717800000, 0x0000000717900000, 0x0000000717900000|100%| E|CS|TAMS 0x0000000717800000, 0x0000000717800000| Complete 
| 295|0x0000000717900000, 0x0000000717a00000, 0x0000000717a00000|100%| E|CS|TAMS 0x0000000717900000, 0x0000000717900000| Complete 
| 296|0x0000000717a00000, 0x0000000717b00000, 0x0000000717b00000|100%| E|CS|TAMS 0x0000000717a00000, 0x0000000717a00000| Complete 
| 297|0x0000000717b00000, 0x0000000717c00000, 0x0000000717c00000|100%| E|CS|TAMS 0x0000000717b00000, 0x0000000717b00000| Complete 
| 298|0x0000000717c00000, 0x0000000717d00000, 0x0000000717d00000|100%| E|CS|TAMS 0x0000000717c00000, 0x0000000717c00000| Complete 
| 299|0x0000000717d00000, 0x0000000717e00000, 0x0000000717e00000|100%| E|CS|TAMS 0x0000000717d00000, 0x0000000717d00000| Complete 
| 300|0x0000000717e00000, 0x0000000717f00000, 0x0000000717f00000|100%| E|CS|TAMS 0x0000000717e00000, 0x0000000717e00000| Complete 
| 301|0x0000000717f00000, 0x0000000718000000, 0x0000000718000000|100%| E|CS|TAMS 0x0000000717f00000, 0x0000000717f00000| Complete 
| 302|0x0000000718000000, 0x0000000718100000, 0x0000000718100000|100%| E|CS|TAMS 0x0000000718000000, 0x0000000718000000| Complete 

Card table byte_map: [0x000001ddf2bd0000,0x000001ddf33b0000] _byte_map_base: 0x000001ddef3a7000

Marking Bits (Prev, Next): (CMBitMap*) 0x000001ddede932e0, (CMBitMap*) 0x000001ddede932a8
 Prev Bits: [0x000001ddf7a50000, 0x000001ddfb908000)
 Next Bits: [0x000001ddf3b90000, 0x000001ddf7a48000)

Polling page: 0x000001ddebb50000

Metaspace:

Usage:
  Non-class:     57.05 MB capacity,    56.47 MB ( 99%) used,   478.46 KB ( <1%) free+waste,   113.69 KB ( <1%) overhead. 
      Class:      7.67 MB capacity,     7.31 MB ( 95%) used,   321.06 KB (  4%) free+waste,    51.00 KB ( <1%) overhead. 
       Both:     64.72 MB capacity,    63.77 MB ( 99%) used,   799.52 KB (  1%) free+waste,   164.69 KB ( <1%) overhead. 

Virtual space:
  Non-class space:       58.00 MB reserved,      57.26 MB ( 99%) committed 
      Class space:        1.00 GB reserved,       7.75 MB ( <1%) committed 
             Both:        1.06 GB reserved,      65.01 MB (  6%) committed 

Chunk freelists:
   Non-Class:  24.00 KB
       Class:  19.00 KB
        Both:  43.00 KB

MaxMetaspaceSize: 17179869184.00 GB
CompressedClassSpaceSize: 1.00 GB
Initial GC threshold: 20.80 MB
Current GC threshold: 98.55 MB
CDS: off

CodeHeap 'non-profiled nmethods': size=119168Kb used=4350Kb max_used=4350Kb free=114817Kb
 bounds [0x000001dd87ba0000, 0x000001dd87fe0000, 0x000001dd8f000000]
CodeHeap 'profiled nmethods': size=119168Kb used=20465Kb max_used=20465Kb free=98702Kb
 bounds [0x000001dd80740000, 0x000001dd81b40000, 0x000001dd87ba0000]
CodeHeap 'non-nmethods': size=7424Kb used=3002Kb max_used=3094Kb free=4421Kb
 bounds [0x000001dd80000000, 0x000001dd80310000, 0x000001dd80740000]
 total_blobs=8438 nmethods=7833 adapters=513
 compilation: enabled
              stopped_count=0, restarted_count=0
 full_count=0

Compilation events (20 events):
Event: 4.733 Thread 0x000001ddff7fa000 nmethod 7886 0x000001dd87fdbc10 code [0x000001dd87fdbdc0, 0x000001dd87fdbf48]
Event: 4.733 Thread 0x000001dd8f4bc000 7924       3       org.jetbrains.kotlin.psi.KtVisitorVoid::visitDotQualifiedExpression (10 bytes)
Event: 4.733 Thread 0x000001ddff7b9800 nmethod 7923 0x000001dd81b37e10 code [0x000001dd81b38020, 0x000001dd81b384f8]
Event: 4.733 Thread 0x000001ddff637800 nmethod 7898 0x000001dd81b33190 code [0x000001dd81b336a0, 0x000001dd81b35cf8]
Event: 4.733 Thread 0x000001dd8f348800 7925       3       org.jetbrains.kotlin.psi.KtVisitorVoid::visitDotQualifiedExpression (17 bytes)
Event: 4.733 Thread 0x000001ddff7b9800 7926       3       org.jetbrains.kotlin.psi.KtVisitorVoid::visitDotQualifiedExpression (17 bytes)
Event: 4.733 Thread 0x000001ddff7fa000 7927       4       org.jetbrains.kotlin.com.intellij.psi.tree.TokenSet::contains (58 bytes)
Event: 4.734 Thread 0x000001dd8f348800 nmethod 7925 0x000001dd81b38690 code [0x000001dd81b388e0, 0x000001dd81b391c8]
Event: 4.734 Thread 0x000001ddff7b9800 nmethod 7926 0x000001dd81b3a410 code [0x000001dd81b3a640, 0x000001dd81b3adb8]
Event: 4.735 Thread 0x000001dd8f4bc000 nmethod 7924 0x000001dd81b39490 code [0x000001dd81b39700, 0x000001dd81b3a128]
Event: 4.737 Thread 0x000001ddff7fa000 nmethod 7927 0x000001dd87fdc190 code [0x000001dd87fdc320, 0x000001dd87fdc458]
Event: 4.738 Thread 0x000001ddff7fa000 7885       4       org.jetbrains.kotlin.com.intellij.psi.impl.source.CharTableImpl$StringHashToCharSequencesMap::charSequenceSubSequenceEquals (90 bytes)
Event: 4.739 Thread 0x000001ddff637800 7928       3       org.jetbrains.kotlin.com.intellij.openapi.vfs.local.CoreLocalVirtualFile::getName (16 bytes)
Event: 4.739 Thread 0x000001dd8f348800 7929       2       java.util.regex.Matcher::search (154 bytes)
Event: 4.739 Thread 0x000001ddff637800 nmethod 7928 0x000001dd81b3b010 code [0x000001dd81b3b1e0, 0x000001dd81b3b398]
Event: 4.739 Thread 0x000001ddff7b9800 7930       3       org.jetbrains.kotlin.com.intellij.openapi.util.io.FileUtil::toSystemIndependentName (23 bytes)
Event: 4.739 Thread 0x000001ddff637800 7931       3       org.jetbrains.kotlin.com.intellij.openapi.util.io.FileUtilRt::toSystemIndependentName (27 bytes)
Event: 4.739 Thread 0x000001dd8f348800 nmethod 7929 0x000001dd81b3b490 code [0x000001dd81b3b660, 0x000001dd81b3b938]
Event: 4.739 Thread 0x000001ddff637800 nmethod 7931 0x000001dd81b3bb10 code [0x000001dd81b3bce0, 0x000001dd81b3bee8]
Event: 4.739 Thread 0x000001ddff7b9800 nmethod 7930 0x000001dd81b3c010 code [0x000001dd81b3c220, 0x000001dd81b3c568]

GC Heap History (14 events):
Event: 0.320 GC heap before
{Heap before GC invocations=0 (full 0):
 garbage-first heap   total 258048K, used 28672K [0x0000000705200000, 0x0000000800000000)
  region size 1024K, 24 young (24576K), 0 survivors (0K)
 Metaspace       used 11685K, capacity 11826K, committed 11904K, reserved 1060864K
  class space    used 1061K, capacity 1109K, committed 1152K, reserved 1048576K
}
Event: 0.321 GC heap after
{Heap after GC invocations=1 (full 0):
 garbage-first heap   total 258048K, used 6752K [0x0000000705200000, 0x0000000800000000)
  region size 1024K, 3 young (3072K), 3 survivors (3072K)
 Metaspace       used 11685K, capacity 11826K, committed 11904K, reserved 1060864K
  class space    used 1061K, capacity 1109K, committed 1152K, reserved 1048576K
}
Event: 0.737 GC heap before
{Heap before GC invocations=1 (full 0):
 garbage-first heap   total 258048K, used 45664K [0x0000000705200000, 0x0000000800000000)
  region size 1024K, 42 young (43008K), 3 survivors (3072K)
 Metaspace       used 20844K, capacity 21121K, committed 21296K, reserved 1069056K
  class space    used 2222K, capacity 2340K, committed 2432K, reserved 1048576K
}
Event: 0.744 GC heap after
{Heap after GC invocations=2 (full 0):
 garbage-first heap   total 258048K, used 10865K [0x0000000705200000, 0x0000000800000000)
  region size 1024K, 7 young (7168K), 7 survivors (7168K)
 Metaspace       used 20844K, capacity 21121K, committed 21296K, reserved 1069056K
  class space    used 2222K, capacity 2340K, committed 2432K, reserved 1048576K
}
Event: 1.278 GC heap before
{Heap before GC invocations=3 (full 0):
 garbage-first heap   total 258048K, used 71281K [0x0000000705200000, 0x0000000800000000)
  region size 1024K, 60 young (61440K), 7 survivors (7168K)
 Metaspace       used 32251K, capacity 32795K, committed 32944K, reserved 1079296K
  class space    used 3804K, capacity 4017K, committed 4096K, reserved 1048576K
}
Event: 1.285 GC heap after
{Heap after GC invocations=4 (full 0):
 garbage-first heap   total 258048K, used 23691K [0x0000000705200000, 0x0000000800000000)
  region size 1024K, 8 young (8192K), 8 survivors (8192K)
 Metaspace       used 32251K, capacity 32795K, committed 32944K, reserved 1079296K
  class space    used 3804K, capacity 4017K, committed 4096K, reserved 1048576K
}
Event: 1.343 GC heap before
{Heap before GC invocations=4 (full 0):
 garbage-first heap   total 258048K, used 27787K [0x0000000705200000, 0x0000000800000000)
  region size 1024K, 12 young (12288K), 8 survivors (8192K)
 Metaspace       used 32670K, capacity 33214K, committed 33456K, reserved 1079296K
  class space    used 3839K, capacity 4049K, committed 4096K, reserved 1048576K
}
Event: 1.347 GC heap after
{Heap after GC invocations=5 (full 0):
 garbage-first heap   total 258048K, used 25192K [0x0000000705200000, 0x0000000800000000)
  region size 1024K, 2 young (2048K), 2 survivors (2048K)
 Metaspace       used 32670K, capacity 33214K, committed 33456K, reserved 1079296K
  class space    used 3839K, capacity 4049K, committed 4096K, reserved 1048576K
}
Event: 1.601 GC heap before
{Heap before GC invocations=5 (full 0):
 garbage-first heap   total 258048K, used 38504K [0x0000000705200000, 0x0000000800000000)
  region size 1024K, 16 young (16384K), 2 survivors (2048K)
 Metaspace       used 35199K, capacity 35754K, committed 35920K, reserved 1081344K
  class space    used 4319K, capacity 4531K, committed 4608K, reserved 1048576K
}
Event: 1.603 GC heap after
{Heap after GC invocations=6 (full 0):
 garbage-first heap   total 258048K, used 24691K [0x0000000705200000, 0x0000000800000000)
  region size 1024K, 1 young (1024K), 1 survivors (1024K)
 Metaspace       used 35199K, capacity 35754K, committed 35920K, reserved 1081344K
  class space    used 4319K, capacity 4531K, committed 4608K, reserved 1048576K
}
Event: 2.756 GC heap before
{Heap before GC invocations=7 (full 0):
 garbage-first heap   total 258048K, used 121971K [0x0000000705200000, 0x0000000800000000)
  region size 1024K, 94 young (96256K), 1 survivors (1024K)
 Metaspace       used 52785K, capacity 53464K, committed 53584K, reserved 1097728K
  class space    used 6107K, capacity 6395K, committed 6400K, reserved 1048576K
}
Event: 2.763 GC heap after
{Heap after GC invocations=8 (full 0):
 garbage-first heap   total 258048K, used 37357K [0x0000000705200000, 0x0000000800000000)
  region size 1024K, 12 young (12288K), 12 survivors (12288K)
 Metaspace       used 52785K, capacity 53464K, committed 53584K, reserved 1097728K
  class space    used 6107K, capacity 6395K, committed 6400K, reserved 1048576K
}
Event: 3.636 GC heap before
{Heap before GC invocations=8 (full 0):
 garbage-first heap   total 258048K, used 131565K [0x0000000705200000, 0x0000000800000000)
  region size 1024K, 104 young (106496K), 12 survivors (12288K)
 Metaspace       used 59429K, capacity 60165K, committed 60296K, reserved 1103872K
  class space    used 6716K, capacity 7000K, committed 7040K, reserved 1048576K
}
Event: 3.666 GC heap after
{Heap after GC invocations=9 (full 0):
 garbage-first heap   total 310272K, used 47914K [0x0000000705200000, 0x0000000800000000)
  region size 1024K, 11 young (11264K), 11 survivors (11264K)
 Metaspace       used 59429K, capacity 60165K, committed 60296K, reserved 1103872K
  class space    used 6716K, capacity 7000K, committed 7040K, reserved 1048576K
}

Deoptimization events (20 events):
Event: 4.635 Thread 0x000001ddede2f000 Uncommon trap: trap_request=0xffffff4d fr.pc=0x000001dd87e06fe8 relative=0x0000000000000508
Event: 4.635 Thread 0x000001ddede2f000 Uncommon trap: reason=unstable_if action=reinterpret pc=0x000001dd87e06fe8 method=kotlin.LazyKt__LazyJVMKt.lazy(Lkotlin/LazyThreadSafetyMode;Lkotlin/jvm/functions/Function0;)Lkotlin/Lazy; @ 21 c2
Event: 4.635 Thread 0x000001ddede2f000 DEOPT PACKING pc=0x000001dd87e06fe8 sp=0x000000c5790fe3c0
Event: 4.635 Thread 0x000001ddede2f000 DEOPT UNPACKING pc=0x000001dd8004a1af sp=0x000000c5790fe380 mode 2
Event: 4.738 Thread 0x000001ddede2f000 Uncommon trap: trap_request=0xffffffde fr.pc=0x000001dd87dcab84 relative=0x0000000000000384
Event: 4.738 Thread 0x000001ddede2f000 Uncommon trap: reason=class_check action=maybe_recompile pc=0x000001dd87dcab84 method=java.util.regex.Pattern$Start.match(Ljava/util/regex/Matcher;ILjava/lang/CharSequence;)Z @ 44 c2
Event: 4.738 Thread 0x000001ddede2f000 DEOPT PACKING pc=0x000001dd87dcab84 sp=0x000000c5790fe1e0
Event: 4.738 Thread 0x000001ddede2f000 DEOPT UNPACKING pc=0x000001dd8004a1af sp=0x000000c5790fe120 mode 2
Event: 4.739 Thread 0x000001ddede2f000 Uncommon trap: trap_request=0xffffffde fr.pc=0x000001dd87dcab84 relative=0x0000000000000384
Event: 4.739 Thread 0x000001ddede2f000 Uncommon trap: reason=class_check action=maybe_recompile pc=0x000001dd87dcab84 method=java.util.regex.Pattern$Start.match(Ljava/util/regex/Matcher;ILjava/lang/CharSequence;)Z @ 44 c2
Event: 4.739 Thread 0x000001ddede2f000 DEOPT PACKING pc=0x000001dd87dcab84 sp=0x000000c5790fe1e0
Event: 4.739 Thread 0x000001ddede2f000 DEOPT UNPACKING pc=0x000001dd8004a1af sp=0x000000c5790fe120 mode 2
Event: 4.739 Thread 0x000001ddede2f000 Uncommon trap: trap_request=0xffffffde fr.pc=0x000001dd87dcab84 relative=0x0000000000000384
Event: 4.739 Thread 0x000001ddede2f000 Uncommon trap: reason=class_check action=maybe_recompile pc=0x000001dd87dcab84 method=java.util.regex.Pattern$Start.match(Ljava/util/regex/Matcher;ILjava/lang/CharSequence;)Z @ 44 c2
Event: 4.739 Thread 0x000001ddede2f000 DEOPT PACKING pc=0x000001dd87dcab84 sp=0x000000c5790fe1e0
Event: 4.739 Thread 0x000001ddede2f000 DEOPT UNPACKING pc=0x000001dd8004a1af sp=0x000000c5790fe120 mode 2
Event: 4.739 Thread 0x000001ddede2f000 Uncommon trap: trap_request=0xffffffde fr.pc=0x000001dd87dcab84 relative=0x0000000000000384
Event: 4.739 Thread 0x000001ddede2f000 Uncommon trap: reason=class_check action=maybe_recompile pc=0x000001dd87dcab84 method=java.util.regex.Pattern$Start.match(Ljava/util/regex/Matcher;ILjava/lang/CharSequence;)Z @ 44 c2
Event: 4.739 Thread 0x000001ddede2f000 DEOPT PACKING pc=0x000001dd87dcab84 sp=0x000000c5790fe1e0
Event: 4.739 Thread 0x000001ddede2f000 DEOPT UNPACKING pc=0x000001dd8004a1af sp=0x000000c5790fe120 mode 2

Classes redefined (0 events):
No events

Internal exceptions (20 events):
Event: 2.968 Thread 0x000001ddede2f000 Exception <a 'java/lang/NoSuchMethodError'{0x0000000714292f78}: 'java.lang.Object java.lang.invoke.DirectMethodHandle$Holder.invokeStatic(java.lang.Object, int, java.lang.Object, java.lang.Object)'> (0x0000000714292f78) thrown at [src/hotspot/share/interpreter/linkResolver.cpp, line 773]
Event: 2.968 Thread 0x000001ddede2f000 Exception <a 'java/lang/NoSuchMethodError'{0x000000071429a598}: 'java.lang.Object java.lang.invoke.DirectMethodHandle$Holder.invokeStatic(java.lang.Object, int, java.lang.Object)'> (0x000000071429a598) thrown at [src/hotspot/share/interpreter/linkResolver.cpp, line 773]
Event: 2.969 Thread 0x000001ddede2f000 Exception <a 'java/lang/NoSuchMethodError'{0x00000007142a0658}: 'int java.lang.invoke.DirectMethodHandle$Holder.invokeInterface(java.lang.Object, java.lang.Object)'> (0x00000007142a0658) thrown at [src/hotspot/share/interpreter/linkResolver.cpp, line 773]
Event: 2.998 Thread 0x000001ddede2f000 Implicit null exception at 0x000001dd87c4fbf5 to 0x000001dd87c4fdf0
Event: 2.998 Thread 0x000001ddede2f000 Implicit null exception at 0x000001dd87bcc42f to 0x000001dd87bcc4a9
Event: 3.232 Thread 0x000001ddede2f000 Exception <a 'java/lang/NoSuchMethodError'{0x0000000712ea9ca8}: 'java.lang.Object java.lang.invoke.Invokers$Holder.linkToTargetMethod(java.lang.Object, java.lang.Object, java.lang.Object, java.lang.Object, java.lang.Object, java.lang.Object, java.lang.Object)'> (0x0000000712ea9ca8) thrown at [src/hotspot/share/interpreter/linkResolver.cpp, line 773]
Event: 3.256 Thread 0x000001ddede2f000 Exception <a 'java/lang/NoSuchMethodError'{0x0000000712dc1788}: 'java.lang.Object java.lang.invoke.Invokers$Holder.linkToTargetMethod(java.lang.Object, java.lang.Object, java.lang.Object, java.lang.Object, java.lang.Object, java.lang.Object)'> (0x0000000712dc1788) thrown at [src/hotspot/share/interpreter/linkResolver.cpp, line 773]
Event: 3.270 Thread 0x000001ddede2f000 Implicit null exception at 0x000001dd87e31422 to 0x000001dd87e316a0
Event: 3.304 Thread 0x000001ddede2f000 Implicit null exception at 0x000001dd87c65243 to 0x000001dd87c653c8
Event: 3.304 Thread 0x000001ddede2f000 Implicit null exception at 0x000001dd87c00078 to 0x000001dd87c0010a
Event: 3.630 Thread 0x000001ddede2f000 Exception <a 'java/lang/NoSuchMethodError'{0x000000070f29e658}: 'int java.lang.invoke.DirectMethodHandle$Holder.invokeStaticInit(java.lang.Object, int)'> (0x000000070f29e658) thrown at [src/hotspot/share/interpreter/linkResolver.cpp, line 773]
Event: 4.153 Thread 0x000001ddede2f000 Implicit null exception at 0x000001dd87d5534c to 0x000001dd87d55434
Event: 4.187 Thread 0x000001ddede2f000 Exception <a 'java/lang/NoSuchMethodError'{0x0000000714e94bc0}: 'java.lang.Object java.lang.invoke.Invokers$Holder.linkToTargetMethod(java.lang.Object, java.lang.Object, java.lang.Object, int, int, java.lang.Object)'> (0x0000000714e94bc0) thrown at [src/hotspot/share/interpreter/linkResolver.cpp, line 773]
Event: 4.236 Thread 0x000001ddede2f000 Exception <a 'java/lang/NoSuchMethodError'{0x0000000714c50990}: 'int java.lang.invoke.DirectMethodHandle$Holder.invokeVirtual(java.lang.Object, java.lang.Object, java.lang.Object)'> (0x0000000714c50990) thrown at [src/hotspot/share/interpreter/linkResolver.cpp, line 773]
Event: 4.332 Thread 0x000001ddede2f000 Exception <a 'java/lang/NoSuchMethodError'{0x00000007148499e0}: 'java.lang.Object java.lang.invoke.DirectMethodHandle$Holder.invokeSpecial(java.lang.Object, java.lang.Object, java.lang.Object, java.lang.Object, java.lang.Object, int)'> (0x00000007148499e0) thrown at [src/hotspot/share/interpreter/linkResolver.cpp, line 773]
Event: 4.332 Thread 0x000001ddede2f000 Exception <a 'java/lang/NoSuchMethodError'{0x000000071484d828}: 'java.lang.Object java.lang.invoke.Invokers$Holder.linkToTargetMethod(java.lang.Object, java.lang.Object, java.lang.Object, int, java.lang.Object)'> (0x000000071484d828) thrown at [src/hotspot/share/interpreter/linkResolver.cpp, line 773]
Event: 4.375 Thread 0x000001ddede2f000 Exception <a 'java/lang/NoSuchMethodError'{0x0000000714627640}: 'void java.lang.invoke.DirectMethodHandle$Holder.invokeInterface(java.lang.Object, java.lang.Object)'> (0x0000000714627640) thrown at [src/hotspot/share/interpreter/linkResolver.cpp, line 773]
Event: 4.421 Thread 0x000001ddede2f000 Exception <a 'java/lang/IncompatibleClassChangeError'{0x0000000714578fe8}: Found class java.lang.Object, but interface was expected> (0x0000000714578fe8) thrown at [src/hotspot/share/interpreter/linkResolver.cpp, line 839]
Event: 4.536 Thread 0x000001ddede2f000 Implicit null exception at 0x000001dd87f2947c to 0x000001dd87f2a6d0
Event: 4.544 Thread 0x000001ddede2f000 Exception <a 'java/lang/NoSuchMethodError'{0x000000071412caf8}: 'java.lang.Object java.lang.invoke.DirectMethodHandle$Holder.invokeSpecial(java.lang.Object, java.lang.Object, int, java.lang.Object, java.lang.Object)'> (0x000000071412caf8) thrown at [src/hotspot/share/interpreter/linkResolver.cpp, line 773]

Events (20 events):
Event: 4.738 loading class org/jetbrains/kotlin/name/NameUtils
Event: 4.738 loading class org/jetbrains/kotlin/name/NameUtils done
Event: 4.739 loading class org/jetbrains/kotlin/codegen/PackageCodegenImpl
Event: 4.739 loading class org/jetbrains/kotlin/codegen/PackageCodegenImpl done
Event: 4.740 loading class org/jetbrains/kotlin/codegen/context/PackageContext
Event: 4.740 loading class org/jetbrains/kotlin/codegen/context/PackageContext done
Event: 4.740 loading class org/jetbrains/kotlin/codegen/context/DelegatingToPartContext
Event: 4.740 loading class org/jetbrains/kotlin/codegen/context/DelegatingToPartContext done
Event: 4.740 loading class org/jetbrains/kotlin/codegen/context/FacadePartWithSourceFile
Event: 4.740 loading class org/jetbrains/kotlin/codegen/context/FacadePartWithSourceFile done
Event: 4.741 loading class org/jetbrains/kotlin/resolve/lazy/descriptors/PackageDescriptorUtilKt
Event: 4.741 loading class org/jetbrains/kotlin/resolve/lazy/descriptors/PackageDescriptorUtilKt done
Event: 4.741 loading class org/jetbrains/kotlin/com/google/common/base/Objects
Event: 4.741 loading class org/jetbrains/kotlin/com/google/common/base/Objects done
Event: 4.741 loading class org/jetbrains/kotlin/com/google/common/base/ExtraObjectsMethodsForWeb
Event: 4.741 loading class org/jetbrains/kotlin/com/google/common/base/ExtraObjectsMethodsForWeb done
Event: 4.742 loading class org/jetbrains/kotlin/codegen/MemberCodegen
Event: 4.742 loading class org/jetbrains/kotlin/codegen/MemberCodegen done
Event: 4.744 loading class org/jetbrains/kotlin/codegen/InnerClassConsumer
Event: 4.744 loading class org/jetbrains/kotlin/codegen/InnerClassConsumer done


Dynamic libraries:
0x00007ff6a1990000 - 0x00007ff6a199a000 	C:\Program Files\Android\Android Studio\jbr\bin\java.exe
0x00007ff82af30000 - 0x00007ff82b144000 	C:\Windows\SYSTEM32\ntdll.dll
0x00007ff829f90000 - 0x00007ff82a052000 	C:\Windows\System32\KERNEL32.DLL
0x00007ff828330000 - 0x00007ff8286d3000 	C:\Windows\System32\KERNELBASE.dll
0x00007ff828b40000 - 0x00007ff828c51000 	C:\Windows\System32\ucrtbase.dll
0x00007ff817fc0000 - 0x00007ff817fd7000 	C:\Program Files\Android\Android Studio\jbr\bin\jli.dll
0x00007ff81caf0000 - 0x00007ff81cb0b000 	C:\Program Files\Android\Android Studio\jbr\bin\VCRUNTIME140.dll
0x00007ff82a810000 - 0x00007ff82a9bb000 	C:\Windows\System32\USER32.dll
0x00007ff828c60000 - 0x00007ff828c86000 	C:\Windows\System32\win32u.dll
0x00007ff804870000 - 0x00007ff804afe000 	C:\Windows\WinSxS\amd64_microsoft.windows.common-controls_6595b64144ccf1df_6.0.22621.1635_none_270f70857386168e\COMCTL32.dll
0x00007ff828d20000 - 0x00007ff828d49000 	C:\Windows\System32\GDI32.dll
0x00007ff82acd0000 - 0x00007ff82ad77000 	C:\Windows\System32\msvcrt.dll
0x00007ff828910000 - 0x00007ff828a29000 	C:\Windows\System32\gdi32full.dll
0x00007ff828aa0000 - 0x00007ff828b3a000 	C:\Windows\System32\msvcp_win.dll
0x00007ff82a7d0000 - 0x00007ff82a801000 	C:\Windows\System32\IMM32.DLL
0x00007ff81e0f0000 - 0x00007ff81e0fc000 	C:\Program Files\Android\Android Studio\jbr\bin\vcruntime140_1.dll
0x00007ffffa8f0000 - 0x00007ffffa97d000 	C:\Program Files\Android\Android Studio\jbr\bin\msvcp140.dll
0x00007fffc3eb0000 - 0x00007fffc4a6c000 	C:\Program Files\Android\Android Studio\jbr\bin\server\jvm.dll
0x00007ff829e60000 - 0x00007ff829f0e000 	C:\Windows\System32\ADVAPI32.dll
0x00007ff82ac20000 - 0x00007ff82acc4000 	C:\Windows\System32\sechost.dll
0x00007ff829210000 - 0x00007ff829327000 	C:\Windows\System32\RPCRT4.dll
0x00007ff828d10000 - 0x00007ff828d18000 	C:\Windows\System32\PSAPI.DLL
0x00007ff81d330000 - 0x00007ff81d33a000 	C:\Windows\SYSTEM32\VERSION.dll
0x00007ff81e010000 - 0x00007ff81e044000 	C:\Windows\SYSTEM32\WINMM.dll
0x00007ff8252a0000 - 0x00007ff8252a9000 	C:\Windows\SYSTEM32\WSOCK32.dll
0x00007ff829f10000 - 0x00007ff829f81000 	C:\Windows\System32\WS2_32.dll
0x00007ff8273a0000 - 0x00007ff8273b8000 	C:\Windows\SYSTEM32\kernel.appcore.dll
0x00007ff825290000 - 0x00007ff8252a0000 	C:\Program Files\Android\Android Studio\jbr\bin\verify.dll
0x00007ff825510000 - 0x00007ff82573e000 	C:\Windows\SYSTEM32\DBGHELP.DLL
0x00007ff82a2b0000 - 0x00007ff82a639000 	C:\Windows\System32\combase.dll
0x00007ff82ab40000 - 0x00007ff82ac17000 	C:\Windows\System32\OLEAUT32.dll
0x00007ff81d0e0000 - 0x00007ff81d112000 	C:\Windows\SYSTEM32\dbgcore.DLL
0x00007ff828c90000 - 0x00007ff828d0b000 	C:\Windows\System32\bcryptPrimitives.dll
0x00007ff820640000 - 0x00007ff820668000 	C:\Program Files\Android\Android Studio\jbr\bin\java.dll
0x00007ff823620000 - 0x00007ff82362a000 	C:\Program Files\Android\Android Studio\jbr\bin\jimage.dll
0x00007ff820680000 - 0x00007ff820698000 	C:\Program Files\Android\Android Studio\jbr\bin\zip.dll
0x00007ff829330000 - 0x00007ff829b2a000 	C:\Windows\System32\SHELL32.dll
0x00007ff8262e0000 - 0x00007ff826bae000 	C:\Windows\SYSTEM32\windows.storage.dll
0x00007ff8261a0000 - 0x00007ff8262de000 	C:\Windows\SYSTEM32\wintypes.dll
0x00007ff829b30000 - 0x00007ff829c21000 	C:\Windows\System32\SHCORE.dll
0x00007ff82a770000 - 0x00007ff82a7ce000 	C:\Windows\System32\shlwapi.dll
0x00007ff828260000 - 0x00007ff828281000 	C:\Windows\SYSTEM32\profapi.dll
0x00007ff81e070000 - 0x00007ff81e089000 	C:\Program Files\Android\Android Studio\jbr\bin\net.dll
0x00007ff8200d0000 - 0x00007ff820207000 	C:\Windows\SYSTEM32\WINHTTP.dll
0x00007ff827890000 - 0x00007ff8278f9000 	C:\Windows\system32\mswsock.dll
0x00007ff818020000 - 0x00007ff818033000 	C:\Program Files\Android\Android Studio\jbr\bin\nio.dll

dbghelp: loaded successfully - version: 4.0.5 - missing functions: none
symbol engine: initialized successfully - sym options: 0x614 - pdb path: .;C:\Program Files\Android\Android Studio\jbr\bin;C:\Windows\SYSTEM32;C:\Windows\WinSxS\amd64_microsoft.windows.common-controls_6595b64144ccf1df_6.0.22621.1635_none_270f70857386168e;C:\Program Files\Android\Android Studio\jbr\bin\server

VM Arguments:
java_command: org.jetbrains.kotlin.cli.jvm.K2JVMCompiler @C:\Users\kingmingseo\AndroidStudioProjects\BreakingBlock2\app\build\20230603_16067715948836016463.compiler.options
java_class_path (initial): C:\Users\kingmingseo\.gradle\caches\modules-2\files-2.1\org.jetbrains.kotlin\kotlin-compiler-embeddable\1.8.0\eb9118d4bcceaa2a94b2ae2a33a4ddba7c9a947f\kotlin-compiler-embeddable-1.8.0.jar;C:\Users\kingmingseo\.gradle\caches\modules-2\files-2.1\org.jetbrains.kotlin\kotlin-stdlib\1.8.0\1796921c7a3e2e2665a83e6c8d33399336cd39bc\kotlin-stdlib-1.8.0.jar;C:\Users\kingmingseo\.gradle\caches\modules-2\files-2.1\org.jetbrains.kotlin\kotlin-script-runtime\1.8.0\b2f7e760d283cb339974851c222a4c1d48f2d3d\kotlin-script-runtime-1.8.0.jar;C:\Users\kingmingseo\.gradle\caches\modules-2\files-2.1\org.jetbrains.kotlin\kotlin-reflect\1.6.10\1cbe9c92c12a94eea200d23c2bbaedaf3daf5132\kotlin-reflect-1.6.10.jar;C:\Users\kingmingseo\.gradle\caches\modules-2\files-2.1\org.jetbrains.kotlin\kotlin-daemon-embeddable\1.8.0\d255216c551685dc3a7e852b53617f5f01aaaa5c\kotlin-daemon-embeddable-1.8.0.jar;C:\Users\kingmingseo\.gradle\caches\modules-2\files-2.1\org.jetbrains.intellij.deps\trove4j\1.0.20200330\3afb14d5f9ceb459d724e907a21145e8ff394f02\trove4j-1.0.20200330.jar;C:\Users\kingmingseo\.gradle\caches\modules-2\files-2.1\net.java.dev.jna\jna\5.6.0\330f2244e9030119ab3030fc3fededc86713d9cc\jna-5.6.0.jar;C:\Users\kingmingseo\.gradle\caches\modules-2\files-2.1\org.jetbrains.kotlin\kotlin-stdlib-common\1.8.0\f7197e7cc76453ac59f8b0f8d5137cc600becd36\kotlin-stdlib-common-1.8.0.jar;C:\Users\kingmingseo\.gradle\caches\modules-2\files-2.1\org.jetbrains\annotations\13.0\919f0dfe192fb4e063e7dacadee7f8bb9a2672a9\annotations-13.0.jar
Launcher Type: SUN_STANDARD

[Global flags]
     intx CICompilerCount                          = 12                                        {product} {ergonomic}
     uint ConcGCThreads                            = 4                                         {product} {ergonomic}
     uint G1ConcRefinementThreads                  = 15                                        {product} {ergonomic}
   size_t G1HeapRegionSize                         = 1048576                                   {product} {ergonomic}
    uintx GCDrainStackTargetSize                   = 64                                        {product} {ergonomic}
   size_t InitialHeapSize                          = 264241152                                 {product} {ergonomic}
   size_t MarkStackSize                            = 4194304                                   {product} {ergonomic}
   size_t MaxHeapSize                              = 4208984064                                {product} {ergonomic}
   size_t MaxNewSize                               = 2524971008                                {product} {ergonomic}
   size_t MinHeapDeltaBytes                        = 1048576                                   {product} {ergonomic}
    uintx NonNMethodCodeHeapSize                   = 7594288                                {pd product} {ergonomic}
    uintx NonProfiledCodeHeapSize                  = 122031976                              {pd product} {ergonomic}
    uintx ProfiledCodeHeapSize                     = 122031976                              {pd product} {ergonomic}
    uintx ReservedCodeCacheSize                    = 251658240                              {pd product} {ergonomic}
     bool SegmentedCodeCache                       = true                                      {product} {ergonomic}
     bool UseCompressedClassPointers               = true                                 {lp64_product} {ergonomic}
     bool UseCompressedOops                        = true                                 {lp64_product} {ergonomic}
     bool UseG1GC                                  = true                                      {product} {ergonomic}
     bool UseLargePagesIndividualAllocation        = false                                  {pd product} {ergonomic}

Logging:
Log output configuration:
 #0: stdout all=warning uptime,level,tags
 #1: stderr all=off uptime,level,tags

Environment Variables:
PATH=C:\Program Files (x86)\Common Files\Oracle\Java\javapath;C:\Windows\system32;C:\Windows;C:\Windows\System32\Wbem;C:\Windows\System32\WindowsPowerShell\v1.0\;C:\Windows\System32\OpenSSH\;C:\Program Files\NVIDIA Corporation\NVIDIA NvDLISR;C:\Program Files\Bandizip\;C:\Program Files\Git\cmd;C:\Program Files (x86)\NVIDIA Corporation\PhysX\Common;C:\Users\kingmingseo\AppData\Local\Android\Sdk\tools;C:\Users\kingmingseo\AppData\Local\Android\Sdk\platform-tools;C:\Users\kingmingseo\AppData\Local\Microsoft\WindowsApps;C:\Program Files\JetBrains\PyCharm Community Edition 2022.3.3\bin;C:\Program Files\JetBrains\IntelliJ IDEA Community Edition 2022.3.3\bin;C:\Users\kingmingseo\AppData\Local\gitkraken\bin
USERNAME=kingmingseo
OS=Windows_NT
PROCESSOR_IDENTIFIER=Intel64 Family 6 Model 154 Stepping 3, GenuineIntel



---------------  S Y S T E M  ---------------

OS: Windows 11 , 64 bit Build 22621 (10.0.22621.1778)
OS uptime: 0 days 23:19 hours
Hyper-V role detected

CPU:total 20 (initial active 20) (10 cores per cpu, 2 threads per core) family 6 model 154 stepping 3 microcode 0x429, cmov, cx8, fxsr, mmx, sse, sse2, sse3, ssse3, sse4.1, sse4.2, popcnt, avx, avx2, aes, clmul, erms, 3dnowpref, lzcnt, ht, tsc, tscinvbit, bmi1, bmi2, adx, sha, fma

Memory: 4k page, system-wide physical 16049M (1624M free)
TotalPageFile size 45700M (AvailPageFile size 6M)
current process WorkingSet (physical memory assigned to process): 460M, peak: 464M
current process commit charge ("private bytes"): 617M, peak: 620M

vm_info: OpenJDK 64-Bit Server VM (11.0.15+0-b2043.56-9505619) for windows-amd64 JRE (11.0.15+0-b2043.56-9505619), built on Jan 19 2023 02:48:00 by "builduser" with unknown MS VC++:1929

END.
